root - INFO - Credenciales de AWS cargadas correctamente
root - INFO - Archivos a subir definidos correctamente
botocore.hooks - DEBUG - Changing event name from creating-client-class.iot-data to creating-client-class.iot-data-plane
botocore.hooks - DEBUG - Changing event name from before-call.apigateway to before-call.api-gateway
botocore.hooks - DEBUG - Changing event name from request-created.machinelearning.Predict to request-created.machine-learning.Predict
botocore.hooks - DEBUG - Changing event name from before-parameter-build.autoscaling.CreateLaunchConfiguration to before-parameter-build.auto-scaling.CreateLaunchConfiguration
botocore.hooks - DEBUG - Changing event name from before-parameter-build.route53 to before-parameter-build.route-53
botocore.hooks - DEBUG - Changing event name from request-created.cloudsearchdomain.Search to request-created.cloudsearch-domain.Search
botocore.hooks - DEBUG - Changing event name from docs.*.autoscaling.CreateLaunchConfiguration.complete-section to docs.*.auto-scaling.CreateLaunchConfiguration.complete-section
botocore.hooks - DEBUG - Changing event name from before-parameter-build.logs.CreateExportTask to before-parameter-build.cloudwatch-logs.CreateExportTask
botocore.hooks - DEBUG - Changing event name from docs.*.logs.CreateExportTask.complete-section to docs.*.cloudwatch-logs.CreateExportTask.complete-section
botocore.hooks - DEBUG - Changing event name from before-parameter-build.cloudsearchdomain.Search to before-parameter-build.cloudsearch-domain.Search
botocore.hooks - DEBUG - Changing event name from docs.*.cloudsearchdomain.Search.complete-section to docs.*.cloudsearch-domain.Search.complete-section
botocore.loaders - DEBUG - Loading JSON file: /opt/homebrew/Caskroom/miniconda/base/envs/smartbakery/lib/python3.11/site-packages/botocore/data/endpoints.json
botocore.loaders - DEBUG - Loading JSON file: /opt/homebrew/Caskroom/miniconda/base/envs/smartbakery/lib/python3.11/site-packages/botocore/data/sdk-default-configuration.json
botocore.hooks - DEBUG - Event choose-service-name: calling handler <function handle_service_name_alias at 0x132559260>
botocore.loaders - DEBUG - Loading JSON file: /opt/homebrew/Caskroom/miniconda/base/envs/smartbakery/lib/python3.11/site-packages/botocore/data/s3/2006-03-01/service-2.json
botocore.loaders - DEBUG - Loading JSON file: /opt/homebrew/Caskroom/miniconda/base/envs/smartbakery/lib/python3.11/site-packages/botocore/data/s3/2006-03-01/endpoint-rule-set-1.json
botocore.loaders - DEBUG - Loading JSON file: /opt/homebrew/Caskroom/miniconda/base/envs/smartbakery/lib/python3.11/site-packages/botocore/data/partitions.json
botocore.hooks - DEBUG - Event creating-client-class.s3: calling handler <function add_generate_presigned_post at 0x132371300>
botocore.hooks - DEBUG - Event creating-client-class.s3: calling handler <function lazy_call.<locals>._handler at 0x1325cfb00>
botocore.hooks - DEBUG - Event creating-client-class.s3: calling handler <function add_generate_presigned_url at 0x132371080>
botocore.configprovider - DEBUG - Looking for endpoint for s3 via: environment_service
botocore.configprovider - DEBUG - Looking for endpoint for s3 via: environment_global
botocore.configprovider - DEBUG - Looking for endpoint for s3 via: config_service
botocore.configprovider - DEBUG - Looking for endpoint for s3 via: config_global
botocore.configprovider - DEBUG - No configured endpoint found.
botocore.endpoint - DEBUG - Setting s3 timeout as (60, 60)
botocore.loaders - DEBUG - Loading JSON file: /opt/homebrew/Caskroom/miniconda/base/envs/smartbakery/lib/python3.11/site-packages/botocore/data/_retry.json
botocore.client - DEBUG - Registering retry handlers for service: s3
botocore.utils - DEBUG - Registering S3 region redirector handler
botocore.utils - DEBUG - Registering S3Express Identity Resolver
root - INFO - Cliente S3 creado correctamente
boto3.s3.transfer - DEBUG - Opting out of CRT Transfer Manager. Preferred client: auto, CRT available: False, Instance Optimized: False.
boto3.s3.transfer - DEBUG - Using default client. pid: 17136, thread: 8488352448
s3transfer.utils - DEBUG - Acquiring 0
s3transfer.tasks - DEBUG - UploadSubmissionTask(transfer_id=0, {'transfer_future': <s3transfer.futures.TransferFuture object at 0x126d36990>}) about to wait for the following futures []
s3transfer.tasks - DEBUG - UploadSubmissionTask(transfer_id=0, {'transfer_future': <s3transfer.futures.TransferFuture object at 0x126d36990>}) done waiting for dependent futures
s3transfer.tasks - DEBUG - Executing task UploadSubmissionTask(transfer_id=0, {'transfer_future': <s3transfer.futures.TransferFuture object at 0x126d36990>}) with kwargs {'client': <botocore.client.S3 object at 0x132db3850>, 'config': <boto3.s3.transfer.TransferConfig object at 0x132ad4210>, 'osutil': <s3transfer.utils.OSUtils object at 0x132ddde10>, 'request_executor': <s3transfer.futures.BoundedExecutor object at 0x133842590>, 'transfer_future': <s3transfer.futures.TransferFuture object at 0x126d36990>}
s3transfer.futures - DEBUG - Submitting task PutObjectTask(transfer_id=0, {'bucket': 'smartbakery', 'key': 'clean_data/data_bakery_prep.csv', 'extra_args': {}}) to executor <s3transfer.futures.BoundedExecutor object at 0x133842590> for transfer request: 0.
s3transfer.utils - DEBUG - Acquiring 0
s3transfer.tasks - DEBUG - PutObjectTask(transfer_id=0, {'bucket': 'smartbakery', 'key': 'clean_data/data_bakery_prep.csv', 'extra_args': {}}) about to wait for the following futures []
s3transfer.utils - DEBUG - Releasing acquire 0/None
s3transfer.tasks - DEBUG - PutObjectTask(transfer_id=0, {'bucket': 'smartbakery', 'key': 'clean_data/data_bakery_prep.csv', 'extra_args': {}}) done waiting for dependent futures
s3transfer.tasks - DEBUG - Executing task PutObjectTask(transfer_id=0, {'bucket': 'smartbakery', 'key': 'clean_data/data_bakery_prep.csv', 'extra_args': {}}) with kwargs {'client': <botocore.client.S3 object at 0x132db3850>, 'fileobj': <s3transfer.utils.ReadFileChunk object at 0x1326282d0>, 'bucket': 'smartbakery', 'key': 'clean_data/data_bakery_prep.csv', 'extra_args': {}}
botocore.hooks - DEBUG - Event before-parameter-build.s3.PutObject: calling handler <function validate_ascii_metadata at 0x13255bb00>
botocore.hooks - DEBUG - Event before-parameter-build.s3.PutObject: calling handler <function sse_md5 at 0x13255ade0>
botocore.hooks - DEBUG - Event before-parameter-build.s3.PutObject: calling handler <function convert_body_to_file_like_object at 0x13257c540>
botocore.hooks - DEBUG - Event before-parameter-build.s3.PutObject: calling handler <function validate_bucket_name at 0x13255ad40>
botocore.hooks - DEBUG - Event before-parameter-build.s3.PutObject: calling handler <function remove_bucket_from_url_paths_from_model at 0x13257cf40>
botocore.hooks - DEBUG - Event before-parameter-build.s3.PutObject: calling handler <bound method S3RegionRedirectorv2.annotate_request_context of <botocore.utils.S3RegionRedirectorv2 object at 0x13261fa90>>
botocore.hooks - DEBUG - Event before-parameter-build.s3.PutObject: calling handler <bound method ClientCreator._inject_s3_input_parameters of <botocore.client.ClientCreator object at 0x1326287d0>>
botocore.hooks - DEBUG - Event before-parameter-build.s3.PutObject: calling handler <function generate_idempotent_uuid at 0x13255ab60>
botocore.hooks - DEBUG - Event before-endpoint-resolution.s3: calling handler <function customize_endpoint_resolver_builtins at 0x13257d120>
botocore.hooks - DEBUG - Event before-endpoint-resolution.s3: calling handler <bound method S3RegionRedirectorv2.redirect_from_cache of <botocore.utils.S3RegionRedirectorv2 object at 0x13261fa90>>
botocore.regions - DEBUG - Calling endpoint provider with parameters: {'Bucket': 'smartbakery', 'Region': 'us-east-1', 'UseFIPS': False, 'UseDualStack': False, 'ForcePathStyle': False, 'Accelerate': False, 'UseGlobalEndpoint': True, 'Key': 'clean_data/data_bakery_prep.csv', 'DisableMultiRegionAccessPoints': False, 'UseArnRegion': True}
botocore.regions - DEBUG - Endpoint provider result: https://smartbakery.s3.amazonaws.com
botocore.regions - DEBUG - Selecting from endpoint provider's list of auth schemes: "sigv4". User selected auth scheme is: "None"
botocore.regions - DEBUG - Selected auth type "v4" as "v4" with signing context params: {'region': 'us-east-1', 'signing_name': 's3', 'disableDoubleEncoding': True}
botocore.hooks - DEBUG - Event before-call.s3.PutObject: calling handler <function conditionally_calculate_checksum at 0x13229c860>
botocore.hooks - DEBUG - Event before-call.s3.PutObject: calling handler <function add_expect_header at 0x13255b100>
botocore.handlers - DEBUG - Adding expect 100 continue header to request.
botocore.hooks - DEBUG - Event before-call.s3.PutObject: calling handler <bound method S3ExpressIdentityResolver.apply_signing_cache_key of <botocore.utils.S3ExpressIdentityResolver object at 0x1338424d0>>
botocore.hooks - DEBUG - Event before-call.s3.PutObject: calling handler <function add_recursion_detection_header at 0x132559b20>
botocore.hooks - DEBUG - Event before-call.s3.PutObject: calling handler <function inject_api_version_header_if_needed at 0x13257c680>
botocore.endpoint - DEBUG - Making request for OperationModel(name=PutObject) with params: {'url_path': '/clean_data/data_bakery_prep.csv', 'query_string': {}, 'method': 'PUT', 'headers': {'User-Agent': 'Boto3/1.34.106 md/Botocore#1.34.107 ua/2.0 os/macos#23.4.0 md/arch#arm64 lang/python#3.11.9 md/pyimpl#CPython cfg/retry-mode#legacy Botocore/1.34.107', 'Content-MD5': 'Yrf96enqNqp9Xva9V8Q/7g==', 'Expect': '100-continue'}, 'body': <s3transfer.utils.ReadFileChunk object at 0x1326282d0>, 'auth_path': '/smartbakery/clean_data/data_bakery_prep.csv', 'url': 'https://smartbakery.s3.amazonaws.com/clean_data/data_bakery_prep.csv', 'context': {'client_region': 'us-east-1', 'client_config': <botocore.config.Config object at 0x13381e910>, 'has_streaming_input': True, 'auth_type': 'v4', 's3_redirect': {'redirected': False, 'bucket': 'smartbakery', 'params': {'Bucket': 'smartbakery', 'Key': 'clean_data/data_bakery_prep.csv', 'Body': <s3transfer.utils.ReadFileChunk object at 0x1326282d0>}}, 'input_params': {'Bucket': 'smartbakery', 'Key': 'clean_data/data_bakery_prep.csv'}, 'signing': {'region': 'us-east-1', 'signing_name': 's3', 'disableDoubleEncoding': True}, 'endpoint_properties': {'authSchemes': [{'disableDoubleEncoding': True, 'name': 'sigv4', 'signingName': 's3', 'signingRegion': 'us-east-1'}]}}}
botocore.hooks - DEBUG - Event request-created.s3.PutObject: calling handler <function signal_not_transferring at 0x132ea7e20>
botocore.hooks - DEBUG - Event request-created.s3.PutObject: calling handler <bound method RequestSigner.handler of <botocore.signers.RequestSigner object at 0x13381e8d0>>
botocore.hooks - DEBUG - Event choose-signer.s3.PutObject: calling handler <bound method ClientCreator._default_s3_presign_to_sigv2 of <botocore.client.ClientCreator object at 0x1326287d0>>
botocore.hooks - DEBUG - Event choose-signer.s3.PutObject: calling handler <function set_operation_specific_signer at 0x13255aa20>
botocore.hooks - DEBUG - Event before-sign.s3.PutObject: calling handler <function remove_arn_from_signing_path at 0x13257d080>
botocore.hooks - DEBUG - Event before-sign.s3.PutObject: calling handler <bound method S3ExpressIdentityResolver.resolve_s3express_identity of <botocore.utils.S3ExpressIdentityResolver object at 0x1338424d0>>
botocore.auth - DEBUG - Calculating signature using v4 auth.
botocore.auth - DEBUG - CanonicalRequest:
PUT
/clean_data/data_bakery_prep.csv

content-md5:Yrf96enqNqp9Xva9V8Q/7g==
host:smartbakery.s3.amazonaws.com
x-amz-content-sha256:UNSIGNED-PAYLOAD
x-amz-date:20240522T231611Z

content-md5;host;x-amz-content-sha256;x-amz-date
UNSIGNED-PAYLOAD
botocore.auth - DEBUG - StringToSign:
AWS4-HMAC-SHA256
20240522T231611Z
20240522/us-east-1/s3/aws4_request
2dba5f4dec13f0199d456b7b2a7c90e04733a1c2ef3b37b1d3aaf1406ad0ae93
botocore.auth - DEBUG - Signature:
ad85dc1f642ac86d784a44011ca58d19c556fd408944985e9f6d6ef5c1a4596d
botocore.hooks - DEBUG - Event request-created.s3.PutObject: calling handler <function signal_transferring at 0x132ea7ec0>
botocore.hooks - DEBUG - Event request-created.s3.PutObject: calling handler <function add_retry_headers at 0x13257cea0>
botocore.endpoint - DEBUG - Sending http request: <AWSPreparedRequest stream_output=False, method=PUT, url=https://smartbakery.s3.amazonaws.com/clean_data/data_bakery_prep.csv, headers={'User-Agent': b'Boto3/1.34.106 md/Botocore#1.34.107 ua/2.0 os/macos#23.4.0 md/arch#arm64 lang/python#3.11.9 md/pyimpl#CPython cfg/retry-mode#legacy Botocore/1.34.107', 'Content-MD5': b'Yrf96enqNqp9Xva9V8Q/7g==', 'Expect': b'100-continue', 'X-Amz-Date': b'20240522T231611Z', 'X-Amz-Content-SHA256': b'UNSIGNED-PAYLOAD', 'Authorization': b'AWS4-HMAC-SHA256 Credential=AKIAQ3EGV3Y7DDFTHXM6/20240522/us-east-1/s3/aws4_request, SignedHeaders=content-md5;host;x-amz-content-sha256;x-amz-date, Signature=ad85dc1f642ac86d784a44011ca58d19c556fd408944985e9f6d6ef5c1a4596d', 'amz-sdk-invocation-id': b'3456a4e2-8960-4ff7-96c4-3a03496d80ee', 'amz-sdk-request': b'attempt=1', 'Content-Length': '732492'}>
botocore.httpsession - DEBUG - Certificate path: /opt/homebrew/Caskroom/miniconda/base/envs/smartbakery/lib/python3.11/site-packages/certifi/cacert.pem
urllib3.connectionpool - DEBUG - Starting new HTTPS connection (1): smartbakery.s3.amazonaws.com:443
botocore.awsrequest - DEBUG - Waiting for 100 Continue response.
botocore.awsrequest - DEBUG - 100 Continue response seen, now sending request body.
urllib3.connectionpool - DEBUG - https://smartbakery.s3.amazonaws.com:443 "PUT /clean_data/data_bakery_prep.csv HTTP/1.1" 200 0
botocore.parsers - DEBUG - Response headers: {'x-amz-id-2': 'URhJfz/Me98hiYO//RBhKLRZmx8wMntVZQAaddR4FDbmD4FDvjtlW1aeLyWr3vnvrrkGIxqqif8=', 'x-amz-request-id': 'Y6AW0MXWZEHMJBP4', 'Date': 'Wed, 22 May 2024 23:16:12 GMT', 'x-amz-server-side-encryption': 'AES256', 'ETag': '"62b7fde9e9ea36aa7d5ef6bd57c43fee"', 'Server': 'AmazonS3', 'Content-Length': '0'}
botocore.parsers - DEBUG - Response body:
b''
botocore.hooks - DEBUG - Event needs-retry.s3.PutObject: calling handler <botocore.retryhandler.RetryHandler object at 0x1338422d0>
botocore.retryhandler - DEBUG - No retry needed.
botocore.hooks - DEBUG - Event needs-retry.s3.PutObject: calling handler <bound method S3RegionRedirectorv2.redirect_from_error of <botocore.utils.S3RegionRedirectorv2 object at 0x13261fa90>>
s3transfer.utils - DEBUG - Releasing acquire 0/None
root - INFO - Archivo csv clean_data/data_bakery_prep.csv subido correctamente a S3 en smartbakery
boto3.s3.transfer - DEBUG - Opting out of CRT Transfer Manager. Preferred client: auto, CRT available: False, Instance Optimized: False.
boto3.s3.transfer - DEBUG - Using default client. pid: 17136, thread: 8488352448
s3transfer.utils - DEBUG - Acquiring 0
s3transfer.tasks - DEBUG - UploadSubmissionTask(transfer_id=0, {'transfer_future': <s3transfer.futures.TransferFuture object at 0x133843710>}) about to wait for the following futures []
s3transfer.tasks - DEBUG - UploadSubmissionTask(transfer_id=0, {'transfer_future': <s3transfer.futures.TransferFuture object at 0x133843710>}) done waiting for dependent futures
s3transfer.tasks - DEBUG - Executing task UploadSubmissionTask(transfer_id=0, {'transfer_future': <s3transfer.futures.TransferFuture object at 0x133843710>}) with kwargs {'client': <botocore.client.S3 object at 0x132db3850>, 'config': <boto3.s3.transfer.TransferConfig object at 0x132ad4210>, 'osutil': <s3transfer.utils.OSUtils object at 0x10526f110>, 'request_executor': <s3transfer.futures.BoundedExecutor object at 0x132cd58d0>, 'transfer_future': <s3transfer.futures.TransferFuture object at 0x133843710>}
s3transfer.futures - DEBUG - Submitting task PutObjectTask(transfer_id=0, {'bucket': 'smartbakery', 'key': 'clean_data/train.csv', 'extra_args': {}}) to executor <s3transfer.futures.BoundedExecutor object at 0x132cd58d0> for transfer request: 0.
s3transfer.utils - DEBUG - Acquiring 0
s3transfer.tasks - DEBUG - PutObjectTask(transfer_id=0, {'bucket': 'smartbakery', 'key': 'clean_data/train.csv', 'extra_args': {}}) about to wait for the following futures []
s3transfer.utils - DEBUG - Releasing acquire 0/None
s3transfer.tasks - DEBUG - PutObjectTask(transfer_id=0, {'bucket': 'smartbakery', 'key': 'clean_data/train.csv', 'extra_args': {}}) done waiting for dependent futures
s3transfer.tasks - DEBUG - Executing task PutObjectTask(transfer_id=0, {'bucket': 'smartbakery', 'key': 'clean_data/train.csv', 'extra_args': {}}) with kwargs {'client': <botocore.client.S3 object at 0x132db3850>, 'fileobj': <s3transfer.utils.ReadFileChunk object at 0x133853950>, 'bucket': 'smartbakery', 'key': 'clean_data/train.csv', 'extra_args': {}}
botocore.hooks - DEBUG - Event before-parameter-build.s3.PutObject: calling handler <function validate_ascii_metadata at 0x13255bb00>
botocore.hooks - DEBUG - Event before-parameter-build.s3.PutObject: calling handler <function sse_md5 at 0x13255ade0>
botocore.hooks - DEBUG - Event before-parameter-build.s3.PutObject: calling handler <function convert_body_to_file_like_object at 0x13257c540>
botocore.hooks - DEBUG - Event before-parameter-build.s3.PutObject: calling handler <function validate_bucket_name at 0x13255ad40>
botocore.hooks - DEBUG - Event before-parameter-build.s3.PutObject: calling handler <function remove_bucket_from_url_paths_from_model at 0x13257cf40>
botocore.hooks - DEBUG - Event before-parameter-build.s3.PutObject: calling handler <bound method S3RegionRedirectorv2.annotate_request_context of <botocore.utils.S3RegionRedirectorv2 object at 0x13261fa90>>
botocore.hooks - DEBUG - Event before-parameter-build.s3.PutObject: calling handler <bound method ClientCreator._inject_s3_input_parameters of <botocore.client.ClientCreator object at 0x1326287d0>>
botocore.hooks - DEBUG - Event before-parameter-build.s3.PutObject: calling handler <function generate_idempotent_uuid at 0x13255ab60>
botocore.hooks - DEBUG - Event before-endpoint-resolution.s3: calling handler <function customize_endpoint_resolver_builtins at 0x13257d120>
botocore.hooks - DEBUG - Event before-endpoint-resolution.s3: calling handler <bound method S3RegionRedirectorv2.redirect_from_cache of <botocore.utils.S3RegionRedirectorv2 object at 0x13261fa90>>
botocore.regions - DEBUG - Calling endpoint provider with parameters: {'Bucket': 'smartbakery', 'Region': 'us-east-1', 'UseFIPS': False, 'UseDualStack': False, 'ForcePathStyle': False, 'Accelerate': False, 'UseGlobalEndpoint': True, 'Key': 'clean_data/train.csv', 'DisableMultiRegionAccessPoints': False, 'UseArnRegion': True}
botocore.regions - DEBUG - Endpoint provider result: https://smartbakery.s3.amazonaws.com
botocore.regions - DEBUG - Selecting from endpoint provider's list of auth schemes: "sigv4". User selected auth scheme is: "None"
botocore.regions - DEBUG - Selected auth type "v4" as "v4" with signing context params: {'region': 'us-east-1', 'signing_name': 's3', 'disableDoubleEncoding': True}
botocore.hooks - DEBUG - Event before-call.s3.PutObject: calling handler <function conditionally_calculate_checksum at 0x13229c860>
botocore.hooks - DEBUG - Event before-call.s3.PutObject: calling handler <function add_expect_header at 0x13255b100>
botocore.handlers - DEBUG - Adding expect 100 continue header to request.
botocore.hooks - DEBUG - Event before-call.s3.PutObject: calling handler <bound method S3ExpressIdentityResolver.apply_signing_cache_key of <botocore.utils.S3ExpressIdentityResolver object at 0x1338424d0>>
botocore.hooks - DEBUG - Event before-call.s3.PutObject: calling handler <function add_recursion_detection_header at 0x132559b20>
botocore.hooks - DEBUG - Event before-call.s3.PutObject: calling handler <function inject_api_version_header_if_needed at 0x13257c680>
botocore.endpoint - DEBUG - Making request for OperationModel(name=PutObject) with params: {'url_path': '/clean_data/train.csv', 'query_string': {}, 'method': 'PUT', 'headers': {'User-Agent': 'Boto3/1.34.106 md/Botocore#1.34.107 ua/2.0 os/macos#23.4.0 md/arch#arm64 lang/python#3.11.9 md/pyimpl#CPython cfg/retry-mode#legacy Botocore/1.34.107', 'Content-MD5': 'oQ+oznTBOZ1zzC9dBH8OFw==', 'Expect': '100-continue'}, 'body': <s3transfer.utils.ReadFileChunk object at 0x133853950>, 'auth_path': '/smartbakery/clean_data/train.csv', 'url': 'https://smartbakery.s3.amazonaws.com/clean_data/train.csv', 'context': {'client_region': 'us-east-1', 'client_config': <botocore.config.Config object at 0x13381e910>, 'has_streaming_input': True, 'auth_type': 'v4', 's3_redirect': {'redirected': False, 'bucket': 'smartbakery', 'params': {'Bucket': 'smartbakery', 'Key': 'clean_data/train.csv', 'Body': <s3transfer.utils.ReadFileChunk object at 0x133853950>}}, 'input_params': {'Bucket': 'smartbakery', 'Key': 'clean_data/train.csv'}, 'signing': {'region': 'us-east-1', 'signing_name': 's3', 'disableDoubleEncoding': True}, 'endpoint_properties': {'authSchemes': [{'disableDoubleEncoding': True, 'name': 'sigv4', 'signingName': 's3', 'signingRegion': 'us-east-1'}]}}}
botocore.hooks - DEBUG - Event request-created.s3.PutObject: calling handler <function signal_not_transferring at 0x132ea7e20>
botocore.hooks - DEBUG - Event request-created.s3.PutObject: calling handler <bound method RequestSigner.handler of <botocore.signers.RequestSigner object at 0x13381e8d0>>
botocore.hooks - DEBUG - Event choose-signer.s3.PutObject: calling handler <bound method ClientCreator._default_s3_presign_to_sigv2 of <botocore.client.ClientCreator object at 0x1326287d0>>
botocore.hooks - DEBUG - Event choose-signer.s3.PutObject: calling handler <function set_operation_specific_signer at 0x13255aa20>
botocore.hooks - DEBUG - Event before-sign.s3.PutObject: calling handler <function remove_arn_from_signing_path at 0x13257d080>
botocore.hooks - DEBUG - Event before-sign.s3.PutObject: calling handler <bound method S3ExpressIdentityResolver.resolve_s3express_identity of <botocore.utils.S3ExpressIdentityResolver object at 0x1338424d0>>
botocore.auth - DEBUG - Calculating signature using v4 auth.
botocore.auth - DEBUG - CanonicalRequest:
PUT
/clean_data/train.csv

content-md5:oQ+oznTBOZ1zzC9dBH8OFw==
host:smartbakery.s3.amazonaws.com
x-amz-content-sha256:UNSIGNED-PAYLOAD
x-amz-date:20240522T231619Z

content-md5;host;x-amz-content-sha256;x-amz-date
UNSIGNED-PAYLOAD
botocore.auth - DEBUG - StringToSign:
AWS4-HMAC-SHA256
20240522T231619Z
20240522/us-east-1/s3/aws4_request
9820a371545d1e32fdebe1ad2369b4f67033442e5d6ecf9196b9301b4e0fb84d
botocore.auth - DEBUG - Signature:
1fd827605d4d3a0f2e42a002f627ead1be3e69df30147643f1268c9b4bdd93c2
botocore.hooks - DEBUG - Event request-created.s3.PutObject: calling handler <function signal_transferring at 0x132ea7ec0>
botocore.hooks - DEBUG - Event request-created.s3.PutObject: calling handler <function add_retry_headers at 0x13257cea0>
botocore.endpoint - DEBUG - Sending http request: <AWSPreparedRequest stream_output=False, method=PUT, url=https://smartbakery.s3.amazonaws.com/clean_data/train.csv, headers={'User-Agent': b'Boto3/1.34.106 md/Botocore#1.34.107 ua/2.0 os/macos#23.4.0 md/arch#arm64 lang/python#3.11.9 md/pyimpl#CPython cfg/retry-mode#legacy Botocore/1.34.107', 'Content-MD5': b'oQ+oznTBOZ1zzC9dBH8OFw==', 'Expect': b'100-continue', 'X-Amz-Date': b'20240522T231619Z', 'X-Amz-Content-SHA256': b'UNSIGNED-PAYLOAD', 'Authorization': b'AWS4-HMAC-SHA256 Credential=AKIAQ3EGV3Y7DDFTHXM6/20240522/us-east-1/s3/aws4_request, SignedHeaders=content-md5;host;x-amz-content-sha256;x-amz-date, Signature=1fd827605d4d3a0f2e42a002f627ead1be3e69df30147643f1268c9b4bdd93c2', 'amz-sdk-invocation-id': b'3d2e03d7-eafa-4ff1-8ba9-c540ad79b17f', 'amz-sdk-request': b'attempt=1', 'Content-Length': '410129'}>
botocore.httpsession - DEBUG - Certificate path: /opt/homebrew/Caskroom/miniconda/base/envs/smartbakery/lib/python3.11/site-packages/certifi/cacert.pem
botocore.awsrequest - DEBUG - Waiting for 100 Continue response.
botocore.awsrequest - DEBUG - 100 Continue response seen, now sending request body.
urllib3.connectionpool - DEBUG - https://smartbakery.s3.amazonaws.com:443 "PUT /clean_data/train.csv HTTP/1.1" 200 0
botocore.parsers - DEBUG - Response headers: {'x-amz-id-2': '3m/K3jZaCND/ley2hrw7at2coLiiWo//mm2khBLAOZAqj+w+vP4sCkP4kL12CFqf0PEgYPL8KiU=', 'x-amz-request-id': 'DQ91JX94THDF9637', 'Date': 'Wed, 22 May 2024 23:16:20 GMT', 'x-amz-server-side-encryption': 'AES256', 'ETag': '"a10fa8ce74c1399d73cc2f5d047f0e17"', 'Server': 'AmazonS3', 'Content-Length': '0'}
botocore.parsers - DEBUG - Response body:
b''
botocore.hooks - DEBUG - Event needs-retry.s3.PutObject: calling handler <botocore.retryhandler.RetryHandler object at 0x1338422d0>
botocore.retryhandler - DEBUG - No retry needed.
botocore.hooks - DEBUG - Event needs-retry.s3.PutObject: calling handler <bound method S3RegionRedirectorv2.redirect_from_error of <botocore.utils.S3RegionRedirectorv2 object at 0x13261fa90>>
s3transfer.utils - DEBUG - Releasing acquire 0/None
root - INFO - Archivo csv clean_data/train.csv subido correctamente a S3 en smartbakery
boto3.s3.transfer - DEBUG - Opting out of CRT Transfer Manager. Preferred client: auto, CRT available: False, Instance Optimized: False.
boto3.s3.transfer - DEBUG - Using default client. pid: 17136, thread: 8488352448
s3transfer.utils - DEBUG - Acquiring 0
s3transfer.tasks - DEBUG - UploadSubmissionTask(transfer_id=0, {'transfer_future': <s3transfer.futures.TransferFuture object at 0x133842b10>}) about to wait for the following futures []
s3transfer.tasks - DEBUG - UploadSubmissionTask(transfer_id=0, {'transfer_future': <s3transfer.futures.TransferFuture object at 0x133842b10>}) done waiting for dependent futures
s3transfer.tasks - DEBUG - Executing task UploadSubmissionTask(transfer_id=0, {'transfer_future': <s3transfer.futures.TransferFuture object at 0x133842b10>}) with kwargs {'client': <botocore.client.S3 object at 0x132db3850>, 'config': <boto3.s3.transfer.TransferConfig object at 0x126d36990>, 'osutil': <s3transfer.utils.OSUtils object at 0x126733d10>, 'request_executor': <s3transfer.futures.BoundedExecutor object at 0x1307c4e50>, 'transfer_future': <s3transfer.futures.TransferFuture object at 0x133842b10>}
s3transfer.futures - DEBUG - Submitting task PutObjectTask(transfer_id=0, {'bucket': 'smartbakery', 'key': 'clean_data/test.csv', 'extra_args': {}}) to executor <s3transfer.futures.BoundedExecutor object at 0x1307c4e50> for transfer request: 0.
s3transfer.utils - DEBUG - Acquiring 0
s3transfer.tasks - DEBUG - PutObjectTask(transfer_id=0, {'bucket': 'smartbakery', 'key': 'clean_data/test.csv', 'extra_args': {}}) about to wait for the following futures []
s3transfer.utils - DEBUG - Releasing acquire 0/None
s3transfer.tasks - DEBUG - PutObjectTask(transfer_id=0, {'bucket': 'smartbakery', 'key': 'clean_data/test.csv', 'extra_args': {}}) done waiting for dependent futures
s3transfer.tasks - DEBUG - Executing task PutObjectTask(transfer_id=0, {'bucket': 'smartbakery', 'key': 'clean_data/test.csv', 'extra_args': {}}) with kwargs {'client': <botocore.client.S3 object at 0x132db3850>, 'fileobj': <s3transfer.utils.ReadFileChunk object at 0x13385f390>, 'bucket': 'smartbakery', 'key': 'clean_data/test.csv', 'extra_args': {}}
botocore.hooks - DEBUG - Event before-parameter-build.s3.PutObject: calling handler <function validate_ascii_metadata at 0x13255bb00>
botocore.hooks - DEBUG - Event before-parameter-build.s3.PutObject: calling handler <function sse_md5 at 0x13255ade0>
botocore.hooks - DEBUG - Event before-parameter-build.s3.PutObject: calling handler <function convert_body_to_file_like_object at 0x13257c540>
botocore.hooks - DEBUG - Event before-parameter-build.s3.PutObject: calling handler <function validate_bucket_name at 0x13255ad40>
botocore.hooks - DEBUG - Event before-parameter-build.s3.PutObject: calling handler <function remove_bucket_from_url_paths_from_model at 0x13257cf40>
botocore.hooks - DEBUG - Event before-parameter-build.s3.PutObject: calling handler <bound method S3RegionRedirectorv2.annotate_request_context of <botocore.utils.S3RegionRedirectorv2 object at 0x13261fa90>>
botocore.hooks - DEBUG - Event before-parameter-build.s3.PutObject: calling handler <bound method ClientCreator._inject_s3_input_parameters of <botocore.client.ClientCreator object at 0x1326287d0>>
botocore.hooks - DEBUG - Event before-parameter-build.s3.PutObject: calling handler <function generate_idempotent_uuid at 0x13255ab60>
botocore.hooks - DEBUG - Event before-endpoint-resolution.s3: calling handler <function customize_endpoint_resolver_builtins at 0x13257d120>
botocore.hooks - DEBUG - Event before-endpoint-resolution.s3: calling handler <bound method S3RegionRedirectorv2.redirect_from_cache of <botocore.utils.S3RegionRedirectorv2 object at 0x13261fa90>>
botocore.regions - DEBUG - Calling endpoint provider with parameters: {'Bucket': 'smartbakery', 'Region': 'us-east-1', 'UseFIPS': False, 'UseDualStack': False, 'ForcePathStyle': False, 'Accelerate': False, 'UseGlobalEndpoint': True, 'Key': 'clean_data/test.csv', 'DisableMultiRegionAccessPoints': False, 'UseArnRegion': True}
botocore.regions - DEBUG - Endpoint provider result: https://smartbakery.s3.amazonaws.com
botocore.regions - DEBUG - Selecting from endpoint provider's list of auth schemes: "sigv4". User selected auth scheme is: "None"
botocore.regions - DEBUG - Selected auth type "v4" as "v4" with signing context params: {'region': 'us-east-1', 'signing_name': 's3', 'disableDoubleEncoding': True}
botocore.hooks - DEBUG - Event before-call.s3.PutObject: calling handler <function conditionally_calculate_checksum at 0x13229c860>
botocore.hooks - DEBUG - Event before-call.s3.PutObject: calling handler <function add_expect_header at 0x13255b100>
botocore.handlers - DEBUG - Adding expect 100 continue header to request.
botocore.hooks - DEBUG - Event before-call.s3.PutObject: calling handler <bound method S3ExpressIdentityResolver.apply_signing_cache_key of <botocore.utils.S3ExpressIdentityResolver object at 0x1338424d0>>
botocore.hooks - DEBUG - Event before-call.s3.PutObject: calling handler <function add_recursion_detection_header at 0x132559b20>
botocore.hooks - DEBUG - Event before-call.s3.PutObject: calling handler <function inject_api_version_header_if_needed at 0x13257c680>
botocore.endpoint - DEBUG - Making request for OperationModel(name=PutObject) with params: {'url_path': '/clean_data/test.csv', 'query_string': {}, 'method': 'PUT', 'headers': {'User-Agent': 'Boto3/1.34.106 md/Botocore#1.34.107 ua/2.0 os/macos#23.4.0 md/arch#arm64 lang/python#3.11.9 md/pyimpl#CPython cfg/retry-mode#legacy Botocore/1.34.107', 'Content-MD5': 'FAuNMHUQmg1759wAFcgF4Q==', 'Expect': '100-continue'}, 'body': <s3transfer.utils.ReadFileChunk object at 0x13385f390>, 'auth_path': '/smartbakery/clean_data/test.csv', 'url': 'https://smartbakery.s3.amazonaws.com/clean_data/test.csv', 'context': {'client_region': 'us-east-1', 'client_config': <botocore.config.Config object at 0x13381e910>, 'has_streaming_input': True, 'auth_type': 'v4', 's3_redirect': {'redirected': False, 'bucket': 'smartbakery', 'params': {'Bucket': 'smartbakery', 'Key': 'clean_data/test.csv', 'Body': <s3transfer.utils.ReadFileChunk object at 0x13385f390>}}, 'input_params': {'Bucket': 'smartbakery', 'Key': 'clean_data/test.csv'}, 'signing': {'region': 'us-east-1', 'signing_name': 's3', 'disableDoubleEncoding': True}, 'endpoint_properties': {'authSchemes': [{'disableDoubleEncoding': True, 'name': 'sigv4', 'signingName': 's3', 'signingRegion': 'us-east-1'}]}}}
botocore.hooks - DEBUG - Event request-created.s3.PutObject: calling handler <function signal_not_transferring at 0x132ea7e20>
botocore.hooks - DEBUG - Event request-created.s3.PutObject: calling handler <bound method RequestSigner.handler of <botocore.signers.RequestSigner object at 0x13381e8d0>>
botocore.hooks - DEBUG - Event choose-signer.s3.PutObject: calling handler <bound method ClientCreator._default_s3_presign_to_sigv2 of <botocore.client.ClientCreator object at 0x1326287d0>>
botocore.hooks - DEBUG - Event choose-signer.s3.PutObject: calling handler <function set_operation_specific_signer at 0x13255aa20>
botocore.hooks - DEBUG - Event before-sign.s3.PutObject: calling handler <function remove_arn_from_signing_path at 0x13257d080>
botocore.hooks - DEBUG - Event before-sign.s3.PutObject: calling handler <bound method S3ExpressIdentityResolver.resolve_s3express_identity of <botocore.utils.S3ExpressIdentityResolver object at 0x1338424d0>>
botocore.auth - DEBUG - Calculating signature using v4 auth.
botocore.auth - DEBUG - CanonicalRequest:
PUT
/clean_data/test.csv

content-md5:FAuNMHUQmg1759wAFcgF4Q==
host:smartbakery.s3.amazonaws.com
x-amz-content-sha256:UNSIGNED-PAYLOAD
x-amz-date:20240522T231620Z

content-md5;host;x-amz-content-sha256;x-amz-date
UNSIGNED-PAYLOAD
botocore.auth - DEBUG - StringToSign:
AWS4-HMAC-SHA256
20240522T231620Z
20240522/us-east-1/s3/aws4_request
339c78073d4a0f6f8dd1fd1a6edb88ec918318662da6ff7da8826761b2f716f6
botocore.auth - DEBUG - Signature:
444679bb4f53679d7f6feb56bbd99f83c0bb9d5314a963a31e8a4792787e7d3e
botocore.hooks - DEBUG - Event request-created.s3.PutObject: calling handler <function signal_transferring at 0x132ea7ec0>
botocore.hooks - DEBUG - Event request-created.s3.PutObject: calling handler <function add_retry_headers at 0x13257cea0>
botocore.endpoint - DEBUG - Sending http request: <AWSPreparedRequest stream_output=False, method=PUT, url=https://smartbakery.s3.amazonaws.com/clean_data/test.csv, headers={'User-Agent': b'Boto3/1.34.106 md/Botocore#1.34.107 ua/2.0 os/macos#23.4.0 md/arch#arm64 lang/python#3.11.9 md/pyimpl#CPython cfg/retry-mode#legacy Botocore/1.34.107', 'Content-MD5': b'FAuNMHUQmg1759wAFcgF4Q==', 'Expect': b'100-continue', 'X-Amz-Date': b'20240522T231620Z', 'X-Amz-Content-SHA256': b'UNSIGNED-PAYLOAD', 'Authorization': b'AWS4-HMAC-SHA256 Credential=AKIAQ3EGV3Y7DDFTHXM6/20240522/us-east-1/s3/aws4_request, SignedHeaders=content-md5;host;x-amz-content-sha256;x-amz-date, Signature=444679bb4f53679d7f6feb56bbd99f83c0bb9d5314a963a31e8a4792787e7d3e', 'amz-sdk-invocation-id': b'9994ee91-7493-40b9-9273-d3fcba0534f5', 'amz-sdk-request': b'attempt=1', 'Content-Length': '146592'}>
botocore.httpsession - DEBUG - Certificate path: /opt/homebrew/Caskroom/miniconda/base/envs/smartbakery/lib/python3.11/site-packages/certifi/cacert.pem
botocore.awsrequest - DEBUG - Waiting for 100 Continue response.
botocore.awsrequest - DEBUG - 100 Continue response seen, now sending request body.
urllib3.connectionpool - DEBUG - https://smartbakery.s3.amazonaws.com:443 "PUT /clean_data/test.csv HTTP/1.1" 200 0
botocore.parsers - DEBUG - Response headers: {'x-amz-id-2': 'nVQL6j65Ajz9TkheI2j3ZsHXd99wYDtV1+vJbAVwkyrEaeRV6nJJXuYWEus+CqMexxPpO5fYkc0=', 'x-amz-request-id': 'E10WSRKFB864YMAJ', 'Date': 'Wed, 22 May 2024 23:16:21 GMT', 'x-amz-server-side-encryption': 'AES256', 'ETag': '"140b8d3075109a0d7be7dc0015c805e1"', 'Server': 'AmazonS3', 'Content-Length': '0'}
botocore.parsers - DEBUG - Response body:
b''
botocore.hooks - DEBUG - Event needs-retry.s3.PutObject: calling handler <botocore.retryhandler.RetryHandler object at 0x1338422d0>
botocore.retryhandler - DEBUG - No retry needed.
botocore.hooks - DEBUG - Event needs-retry.s3.PutObject: calling handler <bound method S3RegionRedirectorv2.redirect_from_error of <botocore.utils.S3RegionRedirectorv2 object at 0x13261fa90>>
s3transfer.utils - DEBUG - Releasing acquire 0/None
root - INFO - Archivo csv clean_data/test.csv subido correctamente a S3 en smartbakery
boto3.s3.transfer - DEBUG - Opting out of CRT Transfer Manager. Preferred client: auto, CRT available: False, Instance Optimized: False.
boto3.s3.transfer - DEBUG - Using default client. pid: 17136, thread: 8488352448
s3transfer.utils - DEBUG - Acquiring 0
s3transfer.tasks - DEBUG - UploadSubmissionTask(transfer_id=0, {'transfer_future': <s3transfer.futures.TransferFuture object at 0x133876950>}) about to wait for the following futures []
s3transfer.tasks - DEBUG - UploadSubmissionTask(transfer_id=0, {'transfer_future': <s3transfer.futures.TransferFuture object at 0x133876950>}) done waiting for dependent futures
s3transfer.tasks - DEBUG - Executing task UploadSubmissionTask(transfer_id=0, {'transfer_future': <s3transfer.futures.TransferFuture object at 0x133876950>}) with kwargs {'client': <botocore.client.S3 object at 0x132db3850>, 'config': <boto3.s3.transfer.TransferConfig object at 0x127aa7ed0>, 'osutil': <s3transfer.utils.OSUtils object at 0x12782fad0>, 'request_executor': <s3transfer.futures.BoundedExecutor object at 0x133853950>, 'transfer_future': <s3transfer.futures.TransferFuture object at 0x133876950>}
s3transfer.futures - DEBUG - Submitting task PutObjectTask(transfer_id=0, {'bucket': 'smartbakery', 'key': 'clean_data/val.csv', 'extra_args': {}}) to executor <s3transfer.futures.BoundedExecutor object at 0x133853950> for transfer request: 0.
s3transfer.utils - DEBUG - Acquiring 0
s3transfer.tasks - DEBUG - PutObjectTask(transfer_id=0, {'bucket': 'smartbakery', 'key': 'clean_data/val.csv', 'extra_args': {}}) about to wait for the following futures []
s3transfer.utils - DEBUG - Releasing acquire 0/None
s3transfer.tasks - DEBUG - PutObjectTask(transfer_id=0, {'bucket': 'smartbakery', 'key': 'clean_data/val.csv', 'extra_args': {}}) done waiting for dependent futures
s3transfer.tasks - DEBUG - Executing task PutObjectTask(transfer_id=0, {'bucket': 'smartbakery', 'key': 'clean_data/val.csv', 'extra_args': {}}) with kwargs {'client': <botocore.client.S3 object at 0x132db3850>, 'fileobj': <s3transfer.utils.ReadFileChunk object at 0x1338769d0>, 'bucket': 'smartbakery', 'key': 'clean_data/val.csv', 'extra_args': {}}
botocore.hooks - DEBUG - Event before-parameter-build.s3.PutObject: calling handler <function validate_ascii_metadata at 0x13255bb00>
botocore.hooks - DEBUG - Event before-parameter-build.s3.PutObject: calling handler <function sse_md5 at 0x13255ade0>
botocore.hooks - DEBUG - Event before-parameter-build.s3.PutObject: calling handler <function convert_body_to_file_like_object at 0x13257c540>
botocore.hooks - DEBUG - Event before-parameter-build.s3.PutObject: calling handler <function validate_bucket_name at 0x13255ad40>
botocore.hooks - DEBUG - Event before-parameter-build.s3.PutObject: calling handler <function remove_bucket_from_url_paths_from_model at 0x13257cf40>
botocore.hooks - DEBUG - Event before-parameter-build.s3.PutObject: calling handler <bound method S3RegionRedirectorv2.annotate_request_context of <botocore.utils.S3RegionRedirectorv2 object at 0x13261fa90>>
botocore.hooks - DEBUG - Event before-parameter-build.s3.PutObject: calling handler <bound method ClientCreator._inject_s3_input_parameters of <botocore.client.ClientCreator object at 0x1326287d0>>
botocore.hooks - DEBUG - Event before-parameter-build.s3.PutObject: calling handler <function generate_idempotent_uuid at 0x13255ab60>
botocore.hooks - DEBUG - Event before-endpoint-resolution.s3: calling handler <function customize_endpoint_resolver_builtins at 0x13257d120>
botocore.hooks - DEBUG - Event before-endpoint-resolution.s3: calling handler <bound method S3RegionRedirectorv2.redirect_from_cache of <botocore.utils.S3RegionRedirectorv2 object at 0x13261fa90>>
botocore.regions - DEBUG - Calling endpoint provider with parameters: {'Bucket': 'smartbakery', 'Region': 'us-east-1', 'UseFIPS': False, 'UseDualStack': False, 'ForcePathStyle': False, 'Accelerate': False, 'UseGlobalEndpoint': True, 'Key': 'clean_data/val.csv', 'DisableMultiRegionAccessPoints': False, 'UseArnRegion': True}
botocore.regions - DEBUG - Endpoint provider result: https://smartbakery.s3.amazonaws.com
botocore.regions - DEBUG - Selecting from endpoint provider's list of auth schemes: "sigv4". User selected auth scheme is: "None"
botocore.regions - DEBUG - Selected auth type "v4" as "v4" with signing context params: {'region': 'us-east-1', 'signing_name': 's3', 'disableDoubleEncoding': True}
botocore.hooks - DEBUG - Event before-call.s3.PutObject: calling handler <function conditionally_calculate_checksum at 0x13229c860>
botocore.hooks - DEBUG - Event before-call.s3.PutObject: calling handler <function add_expect_header at 0x13255b100>
botocore.handlers - DEBUG - Adding expect 100 continue header to request.
botocore.hooks - DEBUG - Event before-call.s3.PutObject: calling handler <bound method S3ExpressIdentityResolver.apply_signing_cache_key of <botocore.utils.S3ExpressIdentityResolver object at 0x1338424d0>>
botocore.hooks - DEBUG - Event before-call.s3.PutObject: calling handler <function add_recursion_detection_header at 0x132559b20>
botocore.hooks - DEBUG - Event before-call.s3.PutObject: calling handler <function inject_api_version_header_if_needed at 0x13257c680>
botocore.endpoint - DEBUG - Making request for OperationModel(name=PutObject) with params: {'url_path': '/clean_data/val.csv', 'query_string': {}, 'method': 'PUT', 'headers': {'User-Agent': 'Boto3/1.34.106 md/Botocore#1.34.107 ua/2.0 os/macos#23.4.0 md/arch#arm64 lang/python#3.11.9 md/pyimpl#CPython cfg/retry-mode#legacy Botocore/1.34.107', 'Content-MD5': '+d4C4t2GI5OT1LJfVJvbEw==', 'Expect': '100-continue'}, 'body': <s3transfer.utils.ReadFileChunk object at 0x1338769d0>, 'auth_path': '/smartbakery/clean_data/val.csv', 'url': 'https://smartbakery.s3.amazonaws.com/clean_data/val.csv', 'context': {'client_region': 'us-east-1', 'client_config': <botocore.config.Config object at 0x13381e910>, 'has_streaming_input': True, 'auth_type': 'v4', 's3_redirect': {'redirected': False, 'bucket': 'smartbakery', 'params': {'Bucket': 'smartbakery', 'Key': 'clean_data/val.csv', 'Body': <s3transfer.utils.ReadFileChunk object at 0x1338769d0>}}, 'input_params': {'Bucket': 'smartbakery', 'Key': 'clean_data/val.csv'}, 'signing': {'region': 'us-east-1', 'signing_name': 's3', 'disableDoubleEncoding': True}, 'endpoint_properties': {'authSchemes': [{'disableDoubleEncoding': True, 'name': 'sigv4', 'signingName': 's3', 'signingRegion': 'us-east-1'}]}}}
botocore.hooks - DEBUG - Event request-created.s3.PutObject: calling handler <function signal_not_transferring at 0x132ea7e20>
botocore.hooks - DEBUG - Event request-created.s3.PutObject: calling handler <bound method RequestSigner.handler of <botocore.signers.RequestSigner object at 0x13381e8d0>>
botocore.hooks - DEBUG - Event choose-signer.s3.PutObject: calling handler <bound method ClientCreator._default_s3_presign_to_sigv2 of <botocore.client.ClientCreator object at 0x1326287d0>>
botocore.hooks - DEBUG - Event choose-signer.s3.PutObject: calling handler <function set_operation_specific_signer at 0x13255aa20>
botocore.hooks - DEBUG - Event before-sign.s3.PutObject: calling handler <function remove_arn_from_signing_path at 0x13257d080>
botocore.hooks - DEBUG - Event before-sign.s3.PutObject: calling handler <bound method S3ExpressIdentityResolver.resolve_s3express_identity of <botocore.utils.S3ExpressIdentityResolver object at 0x1338424d0>>
botocore.auth - DEBUG - Calculating signature using v4 auth.
botocore.auth - DEBUG - CanonicalRequest:
PUT
/clean_data/val.csv

content-md5:+d4C4t2GI5OT1LJfVJvbEw==
host:smartbakery.s3.amazonaws.com
x-amz-content-sha256:UNSIGNED-PAYLOAD
x-amz-date:20240522T231621Z

content-md5;host;x-amz-content-sha256;x-amz-date
UNSIGNED-PAYLOAD
botocore.auth - DEBUG - StringToSign:
AWS4-HMAC-SHA256
20240522T231621Z
20240522/us-east-1/s3/aws4_request
1bb11becd2ac4a06eee0d2b6729fc5c64d0520815fc06704fa49ba99fb0cf3d1
botocore.auth - DEBUG - Signature:
759548762429320357a5538ba197102ceb0c1cea55ce55004cc2d6b54e3bf611
botocore.hooks - DEBUG - Event request-created.s3.PutObject: calling handler <function signal_transferring at 0x132ea7ec0>
botocore.hooks - DEBUG - Event request-created.s3.PutObject: calling handler <function add_retry_headers at 0x13257cea0>
botocore.endpoint - DEBUG - Sending http request: <AWSPreparedRequest stream_output=False, method=PUT, url=https://smartbakery.s3.amazonaws.com/clean_data/val.csv, headers={'User-Agent': b'Boto3/1.34.106 md/Botocore#1.34.107 ua/2.0 os/macos#23.4.0 md/arch#arm64 lang/python#3.11.9 md/pyimpl#CPython cfg/retry-mode#legacy Botocore/1.34.107', 'Content-MD5': b'+d4C4t2GI5OT1LJfVJvbEw==', 'Expect': b'100-continue', 'X-Amz-Date': b'20240522T231621Z', 'X-Amz-Content-SHA256': b'UNSIGNED-PAYLOAD', 'Authorization': b'AWS4-HMAC-SHA256 Credential=AKIAQ3EGV3Y7DDFTHXM6/20240522/us-east-1/s3/aws4_request, SignedHeaders=content-md5;host;x-amz-content-sha256;x-amz-date, Signature=759548762429320357a5538ba197102ceb0c1cea55ce55004cc2d6b54e3bf611', 'amz-sdk-invocation-id': b'0bcde0b0-7614-4e96-950a-94eacbd81973', 'amz-sdk-request': b'attempt=1', 'Content-Length': '175857'}>
botocore.httpsession - DEBUG - Certificate path: /opt/homebrew/Caskroom/miniconda/base/envs/smartbakery/lib/python3.11/site-packages/certifi/cacert.pem
botocore.awsrequest - DEBUG - Waiting for 100 Continue response.
botocore.awsrequest - DEBUG - 100 Continue response seen, now sending request body.
urllib3.connectionpool - DEBUG - https://smartbakery.s3.amazonaws.com:443 "PUT /clean_data/val.csv HTTP/1.1" 200 0
botocore.parsers - DEBUG - Response headers: {'x-amz-id-2': 'Yol5EVs0NxTORthNxr0PWNZmTLCE7/weggt7ZBJ7+u/dFSLXGl/tsHItF/DElvFgGJvMFHHSRX0=', 'x-amz-request-id': 'FSRQFXC7T2YH0VY4', 'Date': 'Wed, 22 May 2024 23:16:22 GMT', 'x-amz-server-side-encryption': 'AES256', 'ETag': '"f9de02e2dd86239393d4b25f549bdb13"', 'Server': 'AmazonS3', 'Content-Length': '0'}
botocore.parsers - DEBUG - Response body:
b''
botocore.hooks - DEBUG - Event needs-retry.s3.PutObject: calling handler <botocore.retryhandler.RetryHandler object at 0x1338422d0>
botocore.retryhandler - DEBUG - No retry needed.
botocore.hooks - DEBUG - Event needs-retry.s3.PutObject: calling handler <bound method S3RegionRedirectorv2.redirect_from_error of <botocore.utils.S3RegionRedirectorv2 object at 0x13261fa90>>
s3transfer.utils - DEBUG - Releasing acquire 0/None
root - INFO - Archivo csv clean_data/val.csv subido correctamente a S3 en smartbakery
boto3.s3.transfer - DEBUG - Opting out of CRT Transfer Manager. Preferred client: auto, CRT available: False, Instance Optimized: False.
boto3.s3.transfer - DEBUG - Using default client. pid: 17136, thread: 8488352448
s3transfer.utils - DEBUG - Acquiring 0
s3transfer.tasks - DEBUG - UploadSubmissionTask(transfer_id=0, {'transfer_future': <s3transfer.futures.TransferFuture object at 0x13385d110>}) about to wait for the following futures []
s3transfer.tasks - DEBUG - UploadSubmissionTask(transfer_id=0, {'transfer_future': <s3transfer.futures.TransferFuture object at 0x13385d110>}) done waiting for dependent futures
s3transfer.tasks - DEBUG - Executing task UploadSubmissionTask(transfer_id=0, {'transfer_future': <s3transfer.futures.TransferFuture object at 0x13385d110>}) with kwargs {'client': <botocore.client.S3 object at 0x132db3850>, 'config': <boto3.s3.transfer.TransferConfig object at 0x132153850>, 'osutil': <s3transfer.utils.OSUtils object at 0x126d36990>, 'request_executor': <s3transfer.futures.BoundedExecutor object at 0x132629fd0>, 'transfer_future': <s3transfer.futures.TransferFuture object at 0x13385d110>}
s3transfer.futures - DEBUG - Submitting task PutObjectTask(transfer_id=0, {'bucket': 'smartbakery', 'key': 'clean_data/menu_codes.csv', 'extra_args': {}}) to executor <s3transfer.futures.BoundedExecutor object at 0x132629fd0> for transfer request: 0.
s3transfer.utils - DEBUG - Acquiring 0
s3transfer.tasks - DEBUG - PutObjectTask(transfer_id=0, {'bucket': 'smartbakery', 'key': 'clean_data/menu_codes.csv', 'extra_args': {}}) about to wait for the following futures []
s3transfer.utils - DEBUG - Releasing acquire 0/None
s3transfer.tasks - DEBUG - PutObjectTask(transfer_id=0, {'bucket': 'smartbakery', 'key': 'clean_data/menu_codes.csv', 'extra_args': {}}) done waiting for dependent futures
s3transfer.tasks - DEBUG - Executing task PutObjectTask(transfer_id=0, {'bucket': 'smartbakery', 'key': 'clean_data/menu_codes.csv', 'extra_args': {}}) with kwargs {'client': <botocore.client.S3 object at 0x132db3850>, 'fileobj': <s3transfer.utils.ReadFileChunk object at 0x133877b10>, 'bucket': 'smartbakery', 'key': 'clean_data/menu_codes.csv', 'extra_args': {}}
botocore.hooks - DEBUG - Event before-parameter-build.s3.PutObject: calling handler <function validate_ascii_metadata at 0x13255bb00>
botocore.hooks - DEBUG - Event before-parameter-build.s3.PutObject: calling handler <function sse_md5 at 0x13255ade0>
botocore.hooks - DEBUG - Event before-parameter-build.s3.PutObject: calling handler <function convert_body_to_file_like_object at 0x13257c540>
botocore.hooks - DEBUG - Event before-parameter-build.s3.PutObject: calling handler <function validate_bucket_name at 0x13255ad40>
botocore.hooks - DEBUG - Event before-parameter-build.s3.PutObject: calling handler <function remove_bucket_from_url_paths_from_model at 0x13257cf40>
botocore.hooks - DEBUG - Event before-parameter-build.s3.PutObject: calling handler <bound method S3RegionRedirectorv2.annotate_request_context of <botocore.utils.S3RegionRedirectorv2 object at 0x13261fa90>>
botocore.hooks - DEBUG - Event before-parameter-build.s3.PutObject: calling handler <bound method ClientCreator._inject_s3_input_parameters of <botocore.client.ClientCreator object at 0x1326287d0>>
botocore.hooks - DEBUG - Event before-parameter-build.s3.PutObject: calling handler <function generate_idempotent_uuid at 0x13255ab60>
botocore.hooks - DEBUG - Event before-endpoint-resolution.s3: calling handler <function customize_endpoint_resolver_builtins at 0x13257d120>
botocore.hooks - DEBUG - Event before-endpoint-resolution.s3: calling handler <bound method S3RegionRedirectorv2.redirect_from_cache of <botocore.utils.S3RegionRedirectorv2 object at 0x13261fa90>>
botocore.regions - DEBUG - Calling endpoint provider with parameters: {'Bucket': 'smartbakery', 'Region': 'us-east-1', 'UseFIPS': False, 'UseDualStack': False, 'ForcePathStyle': False, 'Accelerate': False, 'UseGlobalEndpoint': True, 'Key': 'clean_data/menu_codes.csv', 'DisableMultiRegionAccessPoints': False, 'UseArnRegion': True}
botocore.regions - DEBUG - Endpoint provider result: https://smartbakery.s3.amazonaws.com
botocore.regions - DEBUG - Selecting from endpoint provider's list of auth schemes: "sigv4". User selected auth scheme is: "None"
botocore.regions - DEBUG - Selected auth type "v4" as "v4" with signing context params: {'region': 'us-east-1', 'signing_name': 's3', 'disableDoubleEncoding': True}
botocore.hooks - DEBUG - Event before-call.s3.PutObject: calling handler <function conditionally_calculate_checksum at 0x13229c860>
botocore.hooks - DEBUG - Event before-call.s3.PutObject: calling handler <function add_expect_header at 0x13255b100>
botocore.handlers - DEBUG - Adding expect 100 continue header to request.
botocore.hooks - DEBUG - Event before-call.s3.PutObject: calling handler <bound method S3ExpressIdentityResolver.apply_signing_cache_key of <botocore.utils.S3ExpressIdentityResolver object at 0x1338424d0>>
botocore.hooks - DEBUG - Event before-call.s3.PutObject: calling handler <function add_recursion_detection_header at 0x132559b20>
botocore.hooks - DEBUG - Event before-call.s3.PutObject: calling handler <function inject_api_version_header_if_needed at 0x13257c680>
botocore.endpoint - DEBUG - Making request for OperationModel(name=PutObject) with params: {'url_path': '/clean_data/menu_codes.csv', 'query_string': {}, 'method': 'PUT', 'headers': {'User-Agent': 'Boto3/1.34.106 md/Botocore#1.34.107 ua/2.0 os/macos#23.4.0 md/arch#arm64 lang/python#3.11.9 md/pyimpl#CPython cfg/retry-mode#legacy Botocore/1.34.107', 'Content-MD5': 'NJEKWI+VVcenQiFqDm3HNg==', 'Expect': '100-continue'}, 'body': <s3transfer.utils.ReadFileChunk object at 0x133877b10>, 'auth_path': '/smartbakery/clean_data/menu_codes.csv', 'url': 'https://smartbakery.s3.amazonaws.com/clean_data/menu_codes.csv', 'context': {'client_region': 'us-east-1', 'client_config': <botocore.config.Config object at 0x13381e910>, 'has_streaming_input': True, 'auth_type': 'v4', 's3_redirect': {'redirected': False, 'bucket': 'smartbakery', 'params': {'Bucket': 'smartbakery', 'Key': 'clean_data/menu_codes.csv', 'Body': <s3transfer.utils.ReadFileChunk object at 0x133877b10>}}, 'input_params': {'Bucket': 'smartbakery', 'Key': 'clean_data/menu_codes.csv'}, 'signing': {'region': 'us-east-1', 'signing_name': 's3', 'disableDoubleEncoding': True}, 'endpoint_properties': {'authSchemes': [{'disableDoubleEncoding': True, 'name': 'sigv4', 'signingName': 's3', 'signingRegion': 'us-east-1'}]}}}
botocore.hooks - DEBUG - Event request-created.s3.PutObject: calling handler <function signal_not_transferring at 0x132ea7e20>
botocore.hooks - DEBUG - Event request-created.s3.PutObject: calling handler <bound method RequestSigner.handler of <botocore.signers.RequestSigner object at 0x13381e8d0>>
botocore.hooks - DEBUG - Event choose-signer.s3.PutObject: calling handler <bound method ClientCreator._default_s3_presign_to_sigv2 of <botocore.client.ClientCreator object at 0x1326287d0>>
botocore.hooks - DEBUG - Event choose-signer.s3.PutObject: calling handler <function set_operation_specific_signer at 0x13255aa20>
botocore.hooks - DEBUG - Event before-sign.s3.PutObject: calling handler <function remove_arn_from_signing_path at 0x13257d080>
botocore.hooks - DEBUG - Event before-sign.s3.PutObject: calling handler <bound method S3ExpressIdentityResolver.resolve_s3express_identity of <botocore.utils.S3ExpressIdentityResolver object at 0x1338424d0>>
botocore.auth - DEBUG - Calculating signature using v4 auth.
botocore.auth - DEBUG - CanonicalRequest:
PUT
/clean_data/menu_codes.csv

content-md5:NJEKWI+VVcenQiFqDm3HNg==
host:smartbakery.s3.amazonaws.com
x-amz-content-sha256:UNSIGNED-PAYLOAD
x-amz-date:20240522T231622Z

content-md5;host;x-amz-content-sha256;x-amz-date
UNSIGNED-PAYLOAD
botocore.auth - DEBUG - StringToSign:
AWS4-HMAC-SHA256
20240522T231622Z
20240522/us-east-1/s3/aws4_request
ee3bd8e974f102807573d998e0e95bc2159f512c62ec5feeb13a94d07aaaa2fe
botocore.auth - DEBUG - Signature:
dafc4c5096192d4e77b91c26291cf9b95cdf4526891285bb8d3931f7eabfb1bc
botocore.hooks - DEBUG - Event request-created.s3.PutObject: calling handler <function signal_transferring at 0x132ea7ec0>
botocore.hooks - DEBUG - Event request-created.s3.PutObject: calling handler <function add_retry_headers at 0x13257cea0>
botocore.endpoint - DEBUG - Sending http request: <AWSPreparedRequest stream_output=False, method=PUT, url=https://smartbakery.s3.amazonaws.com/clean_data/menu_codes.csv, headers={'User-Agent': b'Boto3/1.34.106 md/Botocore#1.34.107 ua/2.0 os/macos#23.4.0 md/arch#arm64 lang/python#3.11.9 md/pyimpl#CPython cfg/retry-mode#legacy Botocore/1.34.107', 'Content-MD5': b'NJEKWI+VVcenQiFqDm3HNg==', 'Expect': b'100-continue', 'X-Amz-Date': b'20240522T231622Z', 'X-Amz-Content-SHA256': b'UNSIGNED-PAYLOAD', 'Authorization': b'AWS4-HMAC-SHA256 Credential=AKIAQ3EGV3Y7DDFTHXM6/20240522/us-east-1/s3/aws4_request, SignedHeaders=content-md5;host;x-amz-content-sha256;x-amz-date, Signature=dafc4c5096192d4e77b91c26291cf9b95cdf4526891285bb8d3931f7eabfb1bc', 'amz-sdk-invocation-id': b'e5a0fe2f-3507-406b-bb83-70659db3e5ac', 'amz-sdk-request': b'attempt=1', 'Content-Length': '3035'}>
botocore.httpsession - DEBUG - Certificate path: /opt/homebrew/Caskroom/miniconda/base/envs/smartbakery/lib/python3.11/site-packages/certifi/cacert.pem
botocore.awsrequest - DEBUG - Waiting for 100 Continue response.
botocore.awsrequest - DEBUG - 100 Continue response seen, now sending request body.
urllib3.connectionpool - DEBUG - https://smartbakery.s3.amazonaws.com:443 "PUT /clean_data/menu_codes.csv HTTP/1.1" 200 0
botocore.parsers - DEBUG - Response headers: {'x-amz-id-2': 'q+FdhmxNQomST8KXEqi4cPWGzZxmEo9HuWcFi6t6inokvpS9tAWBZPr7c6glxcAPLX1vkwjsPTo=', 'x-amz-request-id': 'QN27Q9XWR5R5RPVQ', 'Date': 'Wed, 22 May 2024 23:16:23 GMT', 'x-amz-server-side-encryption': 'AES256', 'ETag': '"34910a588f9555c7a742216a0e6dc736"', 'Server': 'AmazonS3', 'Content-Length': '0'}
botocore.parsers - DEBUG - Response body:
b''
botocore.hooks - DEBUG - Event needs-retry.s3.PutObject: calling handler <botocore.retryhandler.RetryHandler object at 0x1338422d0>
botocore.retryhandler - DEBUG - No retry needed.
botocore.hooks - DEBUG - Event needs-retry.s3.PutObject: calling handler <bound method S3RegionRedirectorv2.redirect_from_error of <botocore.utils.S3RegionRedirectorv2 object at 0x13261fa90>>
s3transfer.utils - DEBUG - Releasing acquire 0/None
root - INFO - Archivo csv clean_data/menu_codes.csv subido correctamente a S3 en smartbakery
boto3.s3.transfer - DEBUG - Opting out of CRT Transfer Manager. Preferred client: auto, CRT available: False, Instance Optimized: False.
boto3.s3.transfer - DEBUG - Using default client. pid: 17136, thread: 8488352448
s3transfer.utils - DEBUG - Acquiring 0
s3transfer.tasks - DEBUG - UploadSubmissionTask(transfer_id=0, {'transfer_future': <s3transfer.futures.TransferFuture object at 0x133876250>}) about to wait for the following futures []
s3transfer.tasks - DEBUG - UploadSubmissionTask(transfer_id=0, {'transfer_future': <s3transfer.futures.TransferFuture object at 0x133876250>}) done waiting for dependent futures
s3transfer.tasks - DEBUG - Executing task UploadSubmissionTask(transfer_id=0, {'transfer_future': <s3transfer.futures.TransferFuture object at 0x133876250>}) with kwargs {'client': <botocore.client.S3 object at 0x132db3850>, 'config': <boto3.s3.transfer.TransferConfig object at 0x126d6c850>, 'osutil': <s3transfer.utils.OSUtils object at 0x127aa7ed0>, 'request_executor': <s3transfer.futures.BoundedExecutor object at 0x133850350>, 'transfer_future': <s3transfer.futures.TransferFuture object at 0x133876250>}
s3transfer.futures - DEBUG - Submitting task PutObjectTask(transfer_id=0, {'bucket': 'smartbakery', 'key': 'clean_data/TempTot.csv', 'extra_args': {}}) to executor <s3transfer.futures.BoundedExecutor object at 0x133850350> for transfer request: 0.
s3transfer.utils - DEBUG - Acquiring 0
s3transfer.tasks - DEBUG - PutObjectTask(transfer_id=0, {'bucket': 'smartbakery', 'key': 'clean_data/TempTot.csv', 'extra_args': {}}) about to wait for the following futures []
s3transfer.utils - DEBUG - Releasing acquire 0/None
s3transfer.tasks - DEBUG - PutObjectTask(transfer_id=0, {'bucket': 'smartbakery', 'key': 'clean_data/TempTot.csv', 'extra_args': {}}) done waiting for dependent futures
s3transfer.tasks - DEBUG - Executing task PutObjectTask(transfer_id=0, {'bucket': 'smartbakery', 'key': 'clean_data/TempTot.csv', 'extra_args': {}}) with kwargs {'client': <botocore.client.S3 object at 0x132db3850>, 'fileobj': <s3transfer.utils.ReadFileChunk object at 0x133894c50>, 'bucket': 'smartbakery', 'key': 'clean_data/TempTot.csv', 'extra_args': {}}
botocore.hooks - DEBUG - Event before-parameter-build.s3.PutObject: calling handler <function validate_ascii_metadata at 0x13255bb00>
botocore.hooks - DEBUG - Event before-parameter-build.s3.PutObject: calling handler <function sse_md5 at 0x13255ade0>
botocore.hooks - DEBUG - Event before-parameter-build.s3.PutObject: calling handler <function convert_body_to_file_like_object at 0x13257c540>
botocore.hooks - DEBUG - Event before-parameter-build.s3.PutObject: calling handler <function validate_bucket_name at 0x13255ad40>
botocore.hooks - DEBUG - Event before-parameter-build.s3.PutObject: calling handler <function remove_bucket_from_url_paths_from_model at 0x13257cf40>
botocore.hooks - DEBUG - Event before-parameter-build.s3.PutObject: calling handler <bound method S3RegionRedirectorv2.annotate_request_context of <botocore.utils.S3RegionRedirectorv2 object at 0x13261fa90>>
botocore.hooks - DEBUG - Event before-parameter-build.s3.PutObject: calling handler <bound method ClientCreator._inject_s3_input_parameters of <botocore.client.ClientCreator object at 0x1326287d0>>
botocore.hooks - DEBUG - Event before-parameter-build.s3.PutObject: calling handler <function generate_idempotent_uuid at 0x13255ab60>
botocore.hooks - DEBUG - Event before-endpoint-resolution.s3: calling handler <function customize_endpoint_resolver_builtins at 0x13257d120>
botocore.hooks - DEBUG - Event before-endpoint-resolution.s3: calling handler <bound method S3RegionRedirectorv2.redirect_from_cache of <botocore.utils.S3RegionRedirectorv2 object at 0x13261fa90>>
botocore.regions - DEBUG - Calling endpoint provider with parameters: {'Bucket': 'smartbakery', 'Region': 'us-east-1', 'UseFIPS': False, 'UseDualStack': False, 'ForcePathStyle': False, 'Accelerate': False, 'UseGlobalEndpoint': True, 'Key': 'clean_data/TempTot.csv', 'DisableMultiRegionAccessPoints': False, 'UseArnRegion': True}
botocore.regions - DEBUG - Endpoint provider result: https://smartbakery.s3.amazonaws.com
botocore.regions - DEBUG - Selecting from endpoint provider's list of auth schemes: "sigv4". User selected auth scheme is: "None"
botocore.regions - DEBUG - Selected auth type "v4" as "v4" with signing context params: {'region': 'us-east-1', 'signing_name': 's3', 'disableDoubleEncoding': True}
botocore.hooks - DEBUG - Event before-call.s3.PutObject: calling handler <function conditionally_calculate_checksum at 0x13229c860>
botocore.hooks - DEBUG - Event before-call.s3.PutObject: calling handler <function add_expect_header at 0x13255b100>
botocore.handlers - DEBUG - Adding expect 100 continue header to request.
botocore.hooks - DEBUG - Event before-call.s3.PutObject: calling handler <bound method S3ExpressIdentityResolver.apply_signing_cache_key of <botocore.utils.S3ExpressIdentityResolver object at 0x1338424d0>>
botocore.hooks - DEBUG - Event before-call.s3.PutObject: calling handler <function add_recursion_detection_header at 0x132559b20>
botocore.hooks - DEBUG - Event before-call.s3.PutObject: calling handler <function inject_api_version_header_if_needed at 0x13257c680>
botocore.endpoint - DEBUG - Making request for OperationModel(name=PutObject) with params: {'url_path': '/clean_data/TempTot.csv', 'query_string': {}, 'method': 'PUT', 'headers': {'User-Agent': 'Boto3/1.34.106 md/Botocore#1.34.107 ua/2.0 os/macos#23.4.0 md/arch#arm64 lang/python#3.11.9 md/pyimpl#CPython cfg/retry-mode#legacy Botocore/1.34.107', 'Content-MD5': 'VUgA2rFJ/a8CxhwZI236Dw==', 'Expect': '100-continue'}, 'body': <s3transfer.utils.ReadFileChunk object at 0x133894c50>, 'auth_path': '/smartbakery/clean_data/TempTot.csv', 'url': 'https://smartbakery.s3.amazonaws.com/clean_data/TempTot.csv', 'context': {'client_region': 'us-east-1', 'client_config': <botocore.config.Config object at 0x13381e910>, 'has_streaming_input': True, 'auth_type': 'v4', 's3_redirect': {'redirected': False, 'bucket': 'smartbakery', 'params': {'Bucket': 'smartbakery', 'Key': 'clean_data/TempTot.csv', 'Body': <s3transfer.utils.ReadFileChunk object at 0x133894c50>}}, 'input_params': {'Bucket': 'smartbakery', 'Key': 'clean_data/TempTot.csv'}, 'signing': {'region': 'us-east-1', 'signing_name': 's3', 'disableDoubleEncoding': True}, 'endpoint_properties': {'authSchemes': [{'disableDoubleEncoding': True, 'name': 'sigv4', 'signingName': 's3', 'signingRegion': 'us-east-1'}]}}}
botocore.hooks - DEBUG - Event request-created.s3.PutObject: calling handler <function signal_not_transferring at 0x132ea7e20>
botocore.hooks - DEBUG - Event request-created.s3.PutObject: calling handler <bound method RequestSigner.handler of <botocore.signers.RequestSigner object at 0x13381e8d0>>
botocore.hooks - DEBUG - Event choose-signer.s3.PutObject: calling handler <bound method ClientCreator._default_s3_presign_to_sigv2 of <botocore.client.ClientCreator object at 0x1326287d0>>
botocore.hooks - DEBUG - Event choose-signer.s3.PutObject: calling handler <function set_operation_specific_signer at 0x13255aa20>
botocore.hooks - DEBUG - Event before-sign.s3.PutObject: calling handler <function remove_arn_from_signing_path at 0x13257d080>
botocore.hooks - DEBUG - Event before-sign.s3.PutObject: calling handler <bound method S3ExpressIdentityResolver.resolve_s3express_identity of <botocore.utils.S3ExpressIdentityResolver object at 0x1338424d0>>
botocore.auth - DEBUG - Calculating signature using v4 auth.
botocore.auth - DEBUG - CanonicalRequest:
PUT
/clean_data/TempTot.csv

content-md5:VUgA2rFJ/a8CxhwZI236Dw==
host:smartbakery.s3.amazonaws.com
x-amz-content-sha256:UNSIGNED-PAYLOAD
x-amz-date:20240522T231622Z

content-md5;host;x-amz-content-sha256;x-amz-date
UNSIGNED-PAYLOAD
botocore.auth - DEBUG - StringToSign:
AWS4-HMAC-SHA256
20240522T231622Z
20240522/us-east-1/s3/aws4_request
6932f02596726b47558981fe1949fb5b87e16c7a56a6e2d98ef793550785890b
botocore.auth - DEBUG - Signature:
5889b966d173ce34a35348c8cd2108027eb846cfd189dec8e8f8db9f7f058ade
botocore.hooks - DEBUG - Event request-created.s3.PutObject: calling handler <function signal_transferring at 0x132ea7ec0>
botocore.hooks - DEBUG - Event request-created.s3.PutObject: calling handler <function add_retry_headers at 0x13257cea0>
botocore.endpoint - DEBUG - Sending http request: <AWSPreparedRequest stream_output=False, method=PUT, url=https://smartbakery.s3.amazonaws.com/clean_data/TempTot.csv, headers={'User-Agent': b'Boto3/1.34.106 md/Botocore#1.34.107 ua/2.0 os/macos#23.4.0 md/arch#arm64 lang/python#3.11.9 md/pyimpl#CPython cfg/retry-mode#legacy Botocore/1.34.107', 'Content-MD5': b'VUgA2rFJ/a8CxhwZI236Dw==', 'Expect': b'100-continue', 'X-Amz-Date': b'20240522T231622Z', 'X-Amz-Content-SHA256': b'UNSIGNED-PAYLOAD', 'Authorization': b'AWS4-HMAC-SHA256 Credential=AKIAQ3EGV3Y7DDFTHXM6/20240522/us-east-1/s3/aws4_request, SignedHeaders=content-md5;host;x-amz-content-sha256;x-amz-date, Signature=5889b966d173ce34a35348c8cd2108027eb846cfd189dec8e8f8db9f7f058ade', 'amz-sdk-invocation-id': b'34fcce57-ba13-487f-8ca9-aac8c3db4adb', 'amz-sdk-request': b'attempt=1', 'Content-Length': '10831'}>
botocore.httpsession - DEBUG - Certificate path: /opt/homebrew/Caskroom/miniconda/base/envs/smartbakery/lib/python3.11/site-packages/certifi/cacert.pem
botocore.awsrequest - DEBUG - Waiting for 100 Continue response.
botocore.awsrequest - DEBUG - 100 Continue response seen, now sending request body.
urllib3.connectionpool - DEBUG - https://smartbakery.s3.amazonaws.com:443 "PUT /clean_data/TempTot.csv HTTP/1.1" 200 0
botocore.parsers - DEBUG - Response headers: {'x-amz-id-2': 'B5ITEPgLIM5vgAJci+kTkz9IyUBy0CMHOH0cgtCtGwqz9FGEecjn2d6An5Z1gTWSgICcwfACj18=', 'x-amz-request-id': 'QN255CMGA9BPN044', 'Date': 'Wed, 22 May 2024 23:16:23 GMT', 'x-amz-server-side-encryption': 'AES256', 'ETag': '"554800dab149fdaf02c61c19236dfa0f"', 'Server': 'AmazonS3', 'Content-Length': '0'}
botocore.parsers - DEBUG - Response body:
b''
botocore.hooks - DEBUG - Event needs-retry.s3.PutObject: calling handler <botocore.retryhandler.RetryHandler object at 0x1338422d0>
botocore.retryhandler - DEBUG - No retry needed.
botocore.hooks - DEBUG - Event needs-retry.s3.PutObject: calling handler <bound method S3RegionRedirectorv2.redirect_from_error of <botocore.utils.S3RegionRedirectorv2 object at 0x13261fa90>>
s3transfer.utils - DEBUG - Releasing acquire 0/None
root - INFO - Archivo csv clean_data/TempTot.csv subido correctamente a S3 en smartbakery
