root - INFO - Credenciales de AWS cargadas correctamente
root - INFO - Archivos a subir definidos correctamente
botocore.hooks - DEBUG - Changing event name from creating-client-class.iot-data to creating-client-class.iot-data-plane
botocore.hooks - DEBUG - Changing event name from before-call.apigateway to before-call.api-gateway
botocore.hooks - DEBUG - Changing event name from request-created.machinelearning.Predict to request-created.machine-learning.Predict
botocore.hooks - DEBUG - Changing event name from before-parameter-build.autoscaling.CreateLaunchConfiguration to before-parameter-build.auto-scaling.CreateLaunchConfiguration
botocore.hooks - DEBUG - Changing event name from before-parameter-build.route53 to before-parameter-build.route-53
botocore.hooks - DEBUG - Changing event name from request-created.cloudsearchdomain.Search to request-created.cloudsearch-domain.Search
botocore.hooks - DEBUG - Changing event name from docs.*.autoscaling.CreateLaunchConfiguration.complete-section to docs.*.auto-scaling.CreateLaunchConfiguration.complete-section
botocore.hooks - DEBUG - Changing event name from before-parameter-build.logs.CreateExportTask to before-parameter-build.cloudwatch-logs.CreateExportTask
botocore.hooks - DEBUG - Changing event name from docs.*.logs.CreateExportTask.complete-section to docs.*.cloudwatch-logs.CreateExportTask.complete-section
botocore.hooks - DEBUG - Changing event name from before-parameter-build.cloudsearchdomain.Search to before-parameter-build.cloudsearch-domain.Search
botocore.hooks - DEBUG - Changing event name from docs.*.cloudsearchdomain.Search.complete-section to docs.*.cloudsearch-domain.Search.complete-section
botocore.loaders - DEBUG - Loading JSON file: /opt/homebrew/Caskroom/miniconda/base/envs/smartbakery/lib/python3.11/site-packages/botocore/data/endpoints.json
botocore.loaders - DEBUG - Loading JSON file: /opt/homebrew/Caskroom/miniconda/base/envs/smartbakery/lib/python3.11/site-packages/botocore/data/sdk-default-configuration.json
botocore.hooks - DEBUG - Event choose-service-name: calling handler <function handle_service_name_alias at 0x12ee59260>
botocore.loaders - DEBUG - Loading JSON file: /opt/homebrew/Caskroom/miniconda/base/envs/smartbakery/lib/python3.11/site-packages/botocore/data/s3/2006-03-01/service-2.json
botocore.loaders - DEBUG - Loading JSON file: /opt/homebrew/Caskroom/miniconda/base/envs/smartbakery/lib/python3.11/site-packages/botocore/data/s3/2006-03-01/endpoint-rule-set-1.json
botocore.loaders - DEBUG - Loading JSON file: /opt/homebrew/Caskroom/miniconda/base/envs/smartbakery/lib/python3.11/site-packages/botocore/data/partitions.json
botocore.hooks - DEBUG - Event creating-client-class.s3: calling handler <function add_generate_presigned_post at 0x12eca1300>
botocore.hooks - DEBUG - Event creating-client-class.s3: calling handler <function lazy_call.<locals>._handler at 0x12eecfb00>
botocore.hooks - DEBUG - Event creating-client-class.s3: calling handler <function add_generate_presigned_url at 0x12eca1080>
botocore.configprovider - DEBUG - Looking for endpoint for s3 via: environment_service
botocore.configprovider - DEBUG - Looking for endpoint for s3 via: environment_global
botocore.configprovider - DEBUG - Looking for endpoint for s3 via: config_service
botocore.configprovider - DEBUG - Looking for endpoint for s3 via: config_global
botocore.configprovider - DEBUG - No configured endpoint found.
botocore.endpoint - DEBUG - Setting s3 timeout as (60, 60)
botocore.loaders - DEBUG - Loading JSON file: /opt/homebrew/Caskroom/miniconda/base/envs/smartbakery/lib/python3.11/site-packages/botocore/data/_retry.json
botocore.client - DEBUG - Registering retry handlers for service: s3
botocore.utils - DEBUG - Registering S3 region redirector handler
botocore.utils - DEBUG - Registering S3Express Identity Resolver
root - INFO - Cliente S3 creado correctamente
boto3.s3.transfer - DEBUG - Opting out of CRT Transfer Manager. Preferred client: auto, CRT available: False, Instance Optimized: False.
boto3.s3.transfer - DEBUG - Using default client. pid: 17817, thread: 8488352448
s3transfer.utils - DEBUG - Acquiring 0
s3transfer.tasks - DEBUG - UploadSubmissionTask(transfer_id=0, {'transfer_future': <s3transfer.futures.TransferFuture object at 0x12f943710>}) about to wait for the following futures []
s3transfer.tasks - DEBUG - UploadSubmissionTask(transfer_id=0, {'transfer_future': <s3transfer.futures.TransferFuture object at 0x12f943710>}) done waiting for dependent futures
s3transfer.tasks - DEBUG - Executing task UploadSubmissionTask(transfer_id=0, {'transfer_future': <s3transfer.futures.TransferFuture object at 0x12f943710>}) with kwargs {'client': <botocore.client.S3 object at 0x12f6b3690>, 'config': <boto3.s3.transfer.TransferConfig object at 0x101083dd0>, 'osutil': <s3transfer.utils.OSUtils object at 0x117f59210>, 'request_executor': <s3transfer.futures.BoundedExecutor object at 0x12f942f90>, 'transfer_future': <s3transfer.futures.TransferFuture object at 0x12f943710>}
s3transfer.futures - DEBUG - Submitting task PutObjectTask(transfer_id=0, {'bucket': 'smartbakery', 'key': 'clean_data/data_bakery_prep.csv', 'extra_args': {}}) to executor <s3transfer.futures.BoundedExecutor object at 0x12f942f90> for transfer request: 0.
s3transfer.utils - DEBUG - Acquiring 0
s3transfer.tasks - DEBUG - PutObjectTask(transfer_id=0, {'bucket': 'smartbakery', 'key': 'clean_data/data_bakery_prep.csv', 'extra_args': {}}) about to wait for the following futures []
s3transfer.utils - DEBUG - Releasing acquire 0/None
s3transfer.tasks - DEBUG - PutObjectTask(transfer_id=0, {'bucket': 'smartbakery', 'key': 'clean_data/data_bakery_prep.csv', 'extra_args': {}}) done waiting for dependent futures
s3transfer.tasks - DEBUG - Executing task PutObjectTask(transfer_id=0, {'bucket': 'smartbakery', 'key': 'clean_data/data_bakery_prep.csv', 'extra_args': {}}) with kwargs {'client': <botocore.client.S3 object at 0x12f6b3690>, 'fileobj': <s3transfer.utils.ReadFileChunk object at 0x12f943c90>, 'bucket': 'smartbakery', 'key': 'clean_data/data_bakery_prep.csv', 'extra_args': {}}
botocore.hooks - DEBUG - Event before-parameter-build.s3.PutObject: calling handler <function validate_ascii_metadata at 0x12ee5bb00>
botocore.hooks - DEBUG - Event before-parameter-build.s3.PutObject: calling handler <function sse_md5 at 0x12ee5ade0>
botocore.hooks - DEBUG - Event before-parameter-build.s3.PutObject: calling handler <function convert_body_to_file_like_object at 0x12ee7c540>
botocore.hooks - DEBUG - Event before-parameter-build.s3.PutObject: calling handler <function validate_bucket_name at 0x12ee5ad40>
botocore.hooks - DEBUG - Event before-parameter-build.s3.PutObject: calling handler <function remove_bucket_from_url_paths_from_model at 0x12ee7cf40>
botocore.hooks - DEBUG - Event before-parameter-build.s3.PutObject: calling handler <bound method S3RegionRedirectorv2.annotate_request_context of <botocore.utils.S3RegionRedirectorv2 object at 0x12f6cc190>>
botocore.hooks - DEBUG - Event before-parameter-build.s3.PutObject: calling handler <bound method ClientCreator._inject_s3_input_parameters of <botocore.client.ClientCreator object at 0x117f31710>>
botocore.hooks - DEBUG - Event before-parameter-build.s3.PutObject: calling handler <function generate_idempotent_uuid at 0x12ee5ab60>
botocore.hooks - DEBUG - Event before-endpoint-resolution.s3: calling handler <function customize_endpoint_resolver_builtins at 0x12ee7d120>
botocore.hooks - DEBUG - Event before-endpoint-resolution.s3: calling handler <bound method S3RegionRedirectorv2.redirect_from_cache of <botocore.utils.S3RegionRedirectorv2 object at 0x12f6cc190>>
botocore.regions - DEBUG - Calling endpoint provider with parameters: {'Bucket': 'smartbakery', 'Region': 'us-east-1', 'UseFIPS': False, 'UseDualStack': False, 'ForcePathStyle': False, 'Accelerate': False, 'UseGlobalEndpoint': True, 'Key': 'clean_data/data_bakery_prep.csv', 'DisableMultiRegionAccessPoints': False, 'UseArnRegion': True}
botocore.regions - DEBUG - Endpoint provider result: https://smartbakery.s3.amazonaws.com
botocore.regions - DEBUG - Selecting from endpoint provider's list of auth schemes: "sigv4". User selected auth scheme is: "None"
botocore.regions - DEBUG - Selected auth type "v4" as "v4" with signing context params: {'region': 'us-east-1', 'signing_name': 's3', 'disableDoubleEncoding': True}
botocore.hooks - DEBUG - Event before-call.s3.PutObject: calling handler <function conditionally_calculate_checksum at 0x12ea98860>
botocore.hooks - DEBUG - Event before-call.s3.PutObject: calling handler <function add_expect_header at 0x12ee5b100>
botocore.handlers - DEBUG - Adding expect 100 continue header to request.
botocore.hooks - DEBUG - Event before-call.s3.PutObject: calling handler <bound method S3ExpressIdentityResolver.apply_signing_cache_key of <botocore.utils.S3ExpressIdentityResolver object at 0x117a7dc10>>
botocore.hooks - DEBUG - Event before-call.s3.PutObject: calling handler <function add_recursion_detection_header at 0x12ee59b20>
botocore.hooks - DEBUG - Event before-call.s3.PutObject: calling handler <function inject_api_version_header_if_needed at 0x12ee7c680>
botocore.endpoint - DEBUG - Making request for OperationModel(name=PutObject) with params: {'url_path': '/clean_data/data_bakery_prep.csv', 'query_string': {}, 'method': 'PUT', 'headers': {'User-Agent': 'Boto3/1.34.106 md/Botocore#1.34.107 ua/2.0 os/macos#23.4.0 md/arch#arm64 lang/python#3.11.9 md/pyimpl#CPython cfg/retry-mode#legacy Botocore/1.34.107', 'Content-MD5': 'Yrf96enqNqp9Xva9V8Q/7g==', 'Expect': '100-continue'}, 'body': <s3transfer.utils.ReadFileChunk object at 0x12f943c90>, 'auth_path': '/smartbakery/clean_data/data_bakery_prep.csv', 'url': 'https://smartbakery.s3.amazonaws.com/clean_data/data_bakery_prep.csv', 'context': {'client_region': 'us-east-1', 'client_config': <botocore.config.Config object at 0x12f91f390>, 'has_streaming_input': True, 'auth_type': 'v4', 's3_redirect': {'redirected': False, 'bucket': 'smartbakery', 'params': {'Bucket': 'smartbakery', 'Key': 'clean_data/data_bakery_prep.csv', 'Body': <s3transfer.utils.ReadFileChunk object at 0x12f943c90>}}, 'input_params': {'Bucket': 'smartbakery', 'Key': 'clean_data/data_bakery_prep.csv'}, 'signing': {'region': 'us-east-1', 'signing_name': 's3', 'disableDoubleEncoding': True}, 'endpoint_properties': {'authSchemes': [{'disableDoubleEncoding': True, 'name': 'sigv4', 'signingName': 's3', 'signingRegion': 'us-east-1'}]}}}
botocore.hooks - DEBUG - Event request-created.s3.PutObject: calling handler <function signal_not_transferring at 0x12f7a7e20>
botocore.hooks - DEBUG - Event request-created.s3.PutObject: calling handler <bound method RequestSigner.handler of <botocore.signers.RequestSigner object at 0x12f91f350>>
botocore.hooks - DEBUG - Event choose-signer.s3.PutObject: calling handler <bound method ClientCreator._default_s3_presign_to_sigv2 of <botocore.client.ClientCreator object at 0x117f31710>>
botocore.hooks - DEBUG - Event choose-signer.s3.PutObject: calling handler <function set_operation_specific_signer at 0x12ee5aa20>
botocore.hooks - DEBUG - Event before-sign.s3.PutObject: calling handler <function remove_arn_from_signing_path at 0x12ee7d080>
botocore.hooks - DEBUG - Event before-sign.s3.PutObject: calling handler <bound method S3ExpressIdentityResolver.resolve_s3express_identity of <botocore.utils.S3ExpressIdentityResolver object at 0x117a7dc10>>
botocore.auth - DEBUG - Calculating signature using v4 auth.
botocore.auth - DEBUG - CanonicalRequest:
PUT
/clean_data/data_bakery_prep.csv

content-md5:Yrf96enqNqp9Xva9V8Q/7g==
host:smartbakery.s3.amazonaws.com
x-amz-content-sha256:UNSIGNED-PAYLOAD
x-amz-date:20240522T231853Z

content-md5;host;x-amz-content-sha256;x-amz-date
UNSIGNED-PAYLOAD
botocore.auth - DEBUG - StringToSign:
AWS4-HMAC-SHA256
20240522T231853Z
20240522/us-east-1/s3/aws4_request
833a55e6f5626ff591f936eb8d66e175dc4cec913ca3231bfd9176047f928634
botocore.auth - DEBUG - Signature:
880cfad91e4d81e18134e99a4c54713c70bf72ebd01a8706bc86a5d1cb5ca915
botocore.hooks - DEBUG - Event request-created.s3.PutObject: calling handler <function signal_transferring at 0x12f7a7ec0>
botocore.hooks - DEBUG - Event request-created.s3.PutObject: calling handler <function add_retry_headers at 0x12ee7cea0>
botocore.endpoint - DEBUG - Sending http request: <AWSPreparedRequest stream_output=False, method=PUT, url=https://smartbakery.s3.amazonaws.com/clean_data/data_bakery_prep.csv, headers={'User-Agent': b'Boto3/1.34.106 md/Botocore#1.34.107 ua/2.0 os/macos#23.4.0 md/arch#arm64 lang/python#3.11.9 md/pyimpl#CPython cfg/retry-mode#legacy Botocore/1.34.107', 'Content-MD5': b'Yrf96enqNqp9Xva9V8Q/7g==', 'Expect': b'100-continue', 'X-Amz-Date': b'20240522T231853Z', 'X-Amz-Content-SHA256': b'UNSIGNED-PAYLOAD', 'Authorization': b'AWS4-HMAC-SHA256 Credential=AKIAQ3EGV3Y7DDFTHXM6/20240522/us-east-1/s3/aws4_request, SignedHeaders=content-md5;host;x-amz-content-sha256;x-amz-date, Signature=880cfad91e4d81e18134e99a4c54713c70bf72ebd01a8706bc86a5d1cb5ca915', 'amz-sdk-invocation-id': b'4e419c81-30de-4e64-aa83-016f7b057682', 'amz-sdk-request': b'attempt=1', 'Content-Length': '732492'}>
botocore.httpsession - DEBUG - Certificate path: /opt/homebrew/Caskroom/miniconda/base/envs/smartbakery/lib/python3.11/site-packages/certifi/cacert.pem
urllib3.connectionpool - DEBUG - Starting new HTTPS connection (1): smartbakery.s3.amazonaws.com:443
botocore.awsrequest - DEBUG - Waiting for 100 Continue response.
botocore.awsrequest - DEBUG - 100 Continue response seen, now sending request body.
urllib3.connectionpool - DEBUG - https://smartbakery.s3.amazonaws.com:443 "PUT /clean_data/data_bakery_prep.csv HTTP/1.1" 200 0
botocore.parsers - DEBUG - Response headers: {'x-amz-id-2': '2GMsGbDMBhMMP3oTX8iMGKCgdGXSmn0DdG6XSOgqD0YZeqGnIbMmAoL2HqRgfVtWpq4POtXvfZ4=', 'x-amz-request-id': 'GCNJFCPYWYNHF1QC', 'Date': 'Wed, 22 May 2024 23:18:55 GMT', 'x-amz-server-side-encryption': 'AES256', 'ETag': '"62b7fde9e9ea36aa7d5ef6bd57c43fee"', 'Server': 'AmazonS3', 'Content-Length': '0'}
botocore.parsers - DEBUG - Response body:
b''
botocore.hooks - DEBUG - Event needs-retry.s3.PutObject: calling handler <botocore.retryhandler.RetryHandler object at 0x12ea583d0>
botocore.retryhandler - DEBUG - No retry needed.
botocore.hooks - DEBUG - Event needs-retry.s3.PutObject: calling handler <bound method S3RegionRedirectorv2.redirect_from_error of <botocore.utils.S3RegionRedirectorv2 object at 0x12f6cc190>>
s3transfer.utils - DEBUG - Releasing acquire 0/None
root - INFO - Archivo csv clean_data/data_bakery_prep.csv subido correctamente a S3 en smartbakery
boto3.s3.transfer - DEBUG - Opting out of CRT Transfer Manager. Preferred client: auto, CRT available: False, Instance Optimized: False.
boto3.s3.transfer - DEBUG - Using default client. pid: 17817, thread: 8488352448
s3transfer.utils - DEBUG - Acquiring 0
s3transfer.tasks - DEBUG - UploadSubmissionTask(transfer_id=0, {'transfer_future': <s3transfer.futures.TransferFuture object at 0x12ef1f810>}) about to wait for the following futures []
s3transfer.tasks - DEBUG - UploadSubmissionTask(transfer_id=0, {'transfer_future': <s3transfer.futures.TransferFuture object at 0x12ef1f810>}) done waiting for dependent futures
s3transfer.tasks - DEBUG - Executing task UploadSubmissionTask(transfer_id=0, {'transfer_future': <s3transfer.futures.TransferFuture object at 0x12ef1f810>}) with kwargs {'client': <botocore.client.S3 object at 0x12f6b3690>, 'config': <boto3.s3.transfer.TransferConfig object at 0x1066fbc50>, 'osutil': <s3transfer.utils.OSUtils object at 0x101083dd0>, 'request_executor': <s3transfer.futures.BoundedExecutor object at 0x12f943450>, 'transfer_future': <s3transfer.futures.TransferFuture object at 0x12ef1f810>}
s3transfer.futures - DEBUG - Submitting task PutObjectTask(transfer_id=0, {'bucket': 'smartbakery', 'key': 'clean_data/train.csv', 'extra_args': {}}) to executor <s3transfer.futures.BoundedExecutor object at 0x12f943450> for transfer request: 0.
s3transfer.utils - DEBUG - Acquiring 0
s3transfer.tasks - DEBUG - PutObjectTask(transfer_id=0, {'bucket': 'smartbakery', 'key': 'clean_data/train.csv', 'extra_args': {}}) about to wait for the following futures []
s3transfer.utils - DEBUG - Releasing acquire 0/None
s3transfer.tasks - DEBUG - PutObjectTask(transfer_id=0, {'bucket': 'smartbakery', 'key': 'clean_data/train.csv', 'extra_args': {}}) done waiting for dependent futures
s3transfer.tasks - DEBUG - Executing task PutObjectTask(transfer_id=0, {'bucket': 'smartbakery', 'key': 'clean_data/train.csv', 'extra_args': {}}) with kwargs {'client': <botocore.client.S3 object at 0x12f6b3690>, 'fileobj': <s3transfer.utils.ReadFileChunk object at 0x12e9305d0>, 'bucket': 'smartbakery', 'key': 'clean_data/train.csv', 'extra_args': {}}
botocore.hooks - DEBUG - Event before-parameter-build.s3.PutObject: calling handler <function validate_ascii_metadata at 0x12ee5bb00>
botocore.hooks - DEBUG - Event before-parameter-build.s3.PutObject: calling handler <function sse_md5 at 0x12ee5ade0>
botocore.hooks - DEBUG - Event before-parameter-build.s3.PutObject: calling handler <function convert_body_to_file_like_object at 0x12ee7c540>
botocore.hooks - DEBUG - Event before-parameter-build.s3.PutObject: calling handler <function validate_bucket_name at 0x12ee5ad40>
botocore.hooks - DEBUG - Event before-parameter-build.s3.PutObject: calling handler <function remove_bucket_from_url_paths_from_model at 0x12ee7cf40>
botocore.hooks - DEBUG - Event before-parameter-build.s3.PutObject: calling handler <bound method S3RegionRedirectorv2.annotate_request_context of <botocore.utils.S3RegionRedirectorv2 object at 0x12f6cc190>>
botocore.hooks - DEBUG - Event before-parameter-build.s3.PutObject: calling handler <bound method ClientCreator._inject_s3_input_parameters of <botocore.client.ClientCreator object at 0x117f31710>>
botocore.hooks - DEBUG - Event before-parameter-build.s3.PutObject: calling handler <function generate_idempotent_uuid at 0x12ee5ab60>
botocore.hooks - DEBUG - Event before-endpoint-resolution.s3: calling handler <function customize_endpoint_resolver_builtins at 0x12ee7d120>
botocore.hooks - DEBUG - Event before-endpoint-resolution.s3: calling handler <bound method S3RegionRedirectorv2.redirect_from_cache of <botocore.utils.S3RegionRedirectorv2 object at 0x12f6cc190>>
botocore.regions - DEBUG - Calling endpoint provider with parameters: {'Bucket': 'smartbakery', 'Region': 'us-east-1', 'UseFIPS': False, 'UseDualStack': False, 'ForcePathStyle': False, 'Accelerate': False, 'UseGlobalEndpoint': True, 'Key': 'clean_data/train.csv', 'DisableMultiRegionAccessPoints': False, 'UseArnRegion': True}
botocore.regions - DEBUG - Endpoint provider result: https://smartbakery.s3.amazonaws.com
botocore.regions - DEBUG - Selecting from endpoint provider's list of auth schemes: "sigv4". User selected auth scheme is: "None"
botocore.regions - DEBUG - Selected auth type "v4" as "v4" with signing context params: {'region': 'us-east-1', 'signing_name': 's3', 'disableDoubleEncoding': True}
botocore.hooks - DEBUG - Event before-call.s3.PutObject: calling handler <function conditionally_calculate_checksum at 0x12ea98860>
botocore.hooks - DEBUG - Event before-call.s3.PutObject: calling handler <function add_expect_header at 0x12ee5b100>
botocore.handlers - DEBUG - Adding expect 100 continue header to request.
botocore.hooks - DEBUG - Event before-call.s3.PutObject: calling handler <bound method S3ExpressIdentityResolver.apply_signing_cache_key of <botocore.utils.S3ExpressIdentityResolver object at 0x117a7dc10>>
botocore.hooks - DEBUG - Event before-call.s3.PutObject: calling handler <function add_recursion_detection_header at 0x12ee59b20>
botocore.hooks - DEBUG - Event before-call.s3.PutObject: calling handler <function inject_api_version_header_if_needed at 0x12ee7c680>
botocore.endpoint - DEBUG - Making request for OperationModel(name=PutObject) with params: {'url_path': '/clean_data/train.csv', 'query_string': {}, 'method': 'PUT', 'headers': {'User-Agent': 'Boto3/1.34.106 md/Botocore#1.34.107 ua/2.0 os/macos#23.4.0 md/arch#arm64 lang/python#3.11.9 md/pyimpl#CPython cfg/retry-mode#legacy Botocore/1.34.107', 'Content-MD5': 'oQ+oznTBOZ1zzC9dBH8OFw==', 'Expect': '100-continue'}, 'body': <s3transfer.utils.ReadFileChunk object at 0x12e9305d0>, 'auth_path': '/smartbakery/clean_data/train.csv', 'url': 'https://smartbakery.s3.amazonaws.com/clean_data/train.csv', 'context': {'client_region': 'us-east-1', 'client_config': <botocore.config.Config object at 0x12f91f390>, 'has_streaming_input': True, 'auth_type': 'v4', 's3_redirect': {'redirected': False, 'bucket': 'smartbakery', 'params': {'Bucket': 'smartbakery', 'Key': 'clean_data/train.csv', 'Body': <s3transfer.utils.ReadFileChunk object at 0x12e9305d0>}}, 'input_params': {'Bucket': 'smartbakery', 'Key': 'clean_data/train.csv'}, 'signing': {'region': 'us-east-1', 'signing_name': 's3', 'disableDoubleEncoding': True}, 'endpoint_properties': {'authSchemes': [{'disableDoubleEncoding': True, 'name': 'sigv4', 'signingName': 's3', 'signingRegion': 'us-east-1'}]}}}
botocore.hooks - DEBUG - Event request-created.s3.PutObject: calling handler <function signal_not_transferring at 0x12f7a7e20>
botocore.hooks - DEBUG - Event request-created.s3.PutObject: calling handler <bound method RequestSigner.handler of <botocore.signers.RequestSigner object at 0x12f91f350>>
botocore.hooks - DEBUG - Event choose-signer.s3.PutObject: calling handler <bound method ClientCreator._default_s3_presign_to_sigv2 of <botocore.client.ClientCreator object at 0x117f31710>>
botocore.hooks - DEBUG - Event choose-signer.s3.PutObject: calling handler <function set_operation_specific_signer at 0x12ee5aa20>
botocore.hooks - DEBUG - Event before-sign.s3.PutObject: calling handler <function remove_arn_from_signing_path at 0x12ee7d080>
botocore.hooks - DEBUG - Event before-sign.s3.PutObject: calling handler <bound method S3ExpressIdentityResolver.resolve_s3express_identity of <botocore.utils.S3ExpressIdentityResolver object at 0x117a7dc10>>
botocore.auth - DEBUG - Calculating signature using v4 auth.
botocore.auth - DEBUG - CanonicalRequest:
PUT
/clean_data/train.csv

content-md5:oQ+oznTBOZ1zzC9dBH8OFw==
host:smartbakery.s3.amazonaws.com
x-amz-content-sha256:UNSIGNED-PAYLOAD
x-amz-date:20240522T231858Z

content-md5;host;x-amz-content-sha256;x-amz-date
UNSIGNED-PAYLOAD
botocore.auth - DEBUG - StringToSign:
AWS4-HMAC-SHA256
20240522T231858Z
20240522/us-east-1/s3/aws4_request
e9451de7344ed90785d4bcd0b6dae8c623826e433094567782f193536258c672
botocore.auth - DEBUG - Signature:
933b8781677d9d5f1e93eb6b5de637cb21d15012ba550f07d210c60e12c2df8c
botocore.hooks - DEBUG - Event request-created.s3.PutObject: calling handler <function signal_transferring at 0x12f7a7ec0>
botocore.hooks - DEBUG - Event request-created.s3.PutObject: calling handler <function add_retry_headers at 0x12ee7cea0>
botocore.endpoint - DEBUG - Sending http request: <AWSPreparedRequest stream_output=False, method=PUT, url=https://smartbakery.s3.amazonaws.com/clean_data/train.csv, headers={'User-Agent': b'Boto3/1.34.106 md/Botocore#1.34.107 ua/2.0 os/macos#23.4.0 md/arch#arm64 lang/python#3.11.9 md/pyimpl#CPython cfg/retry-mode#legacy Botocore/1.34.107', 'Content-MD5': b'oQ+oznTBOZ1zzC9dBH8OFw==', 'Expect': b'100-continue', 'X-Amz-Date': b'20240522T231858Z', 'X-Amz-Content-SHA256': b'UNSIGNED-PAYLOAD', 'Authorization': b'AWS4-HMAC-SHA256 Credential=AKIAQ3EGV3Y7DDFTHXM6/20240522/us-east-1/s3/aws4_request, SignedHeaders=content-md5;host;x-amz-content-sha256;x-amz-date, Signature=933b8781677d9d5f1e93eb6b5de637cb21d15012ba550f07d210c60e12c2df8c', 'amz-sdk-invocation-id': b'11d37d47-91aa-47a7-b991-496a9d40b024', 'amz-sdk-request': b'attempt=1', 'Content-Length': '410129'}>
botocore.httpsession - DEBUG - Certificate path: /opt/homebrew/Caskroom/miniconda/base/envs/smartbakery/lib/python3.11/site-packages/certifi/cacert.pem
botocore.awsrequest - DEBUG - Waiting for 100 Continue response.
botocore.awsrequest - DEBUG - 100 Continue response seen, now sending request body.
urllib3.connectionpool - DEBUG - https://smartbakery.s3.amazonaws.com:443 "PUT /clean_data/train.csv HTTP/1.1" 200 0
botocore.parsers - DEBUG - Response headers: {'x-amz-id-2': '3JZmH8xKL5I/jXxqoQdSF+3QomQ1UINaXCkSGykmctAOWXx5UBNjm52T0HCQe56/wR8cJ9oOdyY=', 'x-amz-request-id': '8E5PPVDGR6FFCV79', 'Date': 'Wed, 22 May 2024 23:19:00 GMT', 'x-amz-server-side-encryption': 'AES256', 'ETag': '"a10fa8ce74c1399d73cc2f5d047f0e17"', 'Server': 'AmazonS3', 'Content-Length': '0'}
botocore.parsers - DEBUG - Response body:
b''
botocore.hooks - DEBUG - Event needs-retry.s3.PutObject: calling handler <botocore.retryhandler.RetryHandler object at 0x12ea583d0>
botocore.retryhandler - DEBUG - No retry needed.
botocore.hooks - DEBUG - Event needs-retry.s3.PutObject: calling handler <bound method S3RegionRedirectorv2.redirect_from_error of <botocore.utils.S3RegionRedirectorv2 object at 0x12f6cc190>>
s3transfer.utils - DEBUG - Releasing acquire 0/None
root - INFO - Archivo csv clean_data/train.csv subido correctamente a S3 en smartbakery
boto3.s3.transfer - DEBUG - Opting out of CRT Transfer Manager. Preferred client: auto, CRT available: False, Instance Optimized: False.
boto3.s3.transfer - DEBUG - Using default client. pid: 17817, thread: 8488352448
s3transfer.utils - DEBUG - Acquiring 0
s3transfer.tasks - DEBUG - UploadSubmissionTask(transfer_id=0, {'transfer_future': <s3transfer.futures.TransferFuture object at 0x12f943310>}) about to wait for the following futures []
s3transfer.tasks - DEBUG - UploadSubmissionTask(transfer_id=0, {'transfer_future': <s3transfer.futures.TransferFuture object at 0x12f943310>}) done waiting for dependent futures
s3transfer.tasks - DEBUG - Executing task UploadSubmissionTask(transfer_id=0, {'transfer_future': <s3transfer.futures.TransferFuture object at 0x12f943310>}) with kwargs {'client': <botocore.client.S3 object at 0x12f6b3690>, 'config': <boto3.s3.transfer.TransferConfig object at 0x127808c90>, 'osutil': <s3transfer.utils.OSUtils object at 0x1271615d0>, 'request_executor': <s3transfer.futures.BoundedExecutor object at 0x1066fbc50>, 'transfer_future': <s3transfer.futures.TransferFuture object at 0x12f943310>}
s3transfer.futures - DEBUG - Submitting task PutObjectTask(transfer_id=0, {'bucket': 'smartbakery', 'key': 'clean_data/test.csv', 'extra_args': {}}) to executor <s3transfer.futures.BoundedExecutor object at 0x1066fbc50> for transfer request: 0.
s3transfer.utils - DEBUG - Acquiring 0
s3transfer.tasks - DEBUG - PutObjectTask(transfer_id=0, {'bucket': 'smartbakery', 'key': 'clean_data/test.csv', 'extra_args': {}}) about to wait for the following futures []
s3transfer.utils - DEBUG - Releasing acquire 0/None
s3transfer.tasks - DEBUG - PutObjectTask(transfer_id=0, {'bucket': 'smartbakery', 'key': 'clean_data/test.csv', 'extra_args': {}}) done waiting for dependent futures
s3transfer.tasks - DEBUG - Executing task PutObjectTask(transfer_id=0, {'bucket': 'smartbakery', 'key': 'clean_data/test.csv', 'extra_args': {}}) with kwargs {'client': <botocore.client.S3 object at 0x12f6b3690>, 'fileobj': <s3transfer.utils.ReadFileChunk object at 0x12f950b10>, 'bucket': 'smartbakery', 'key': 'clean_data/test.csv', 'extra_args': {}}
botocore.hooks - DEBUG - Event before-parameter-build.s3.PutObject: calling handler <function validate_ascii_metadata at 0x12ee5bb00>
botocore.hooks - DEBUG - Event before-parameter-build.s3.PutObject: calling handler <function sse_md5 at 0x12ee5ade0>
botocore.hooks - DEBUG - Event before-parameter-build.s3.PutObject: calling handler <function convert_body_to_file_like_object at 0x12ee7c540>
botocore.hooks - DEBUG - Event before-parameter-build.s3.PutObject: calling handler <function validate_bucket_name at 0x12ee5ad40>
botocore.hooks - DEBUG - Event before-parameter-build.s3.PutObject: calling handler <function remove_bucket_from_url_paths_from_model at 0x12ee7cf40>
botocore.hooks - DEBUG - Event before-parameter-build.s3.PutObject: calling handler <bound method S3RegionRedirectorv2.annotate_request_context of <botocore.utils.S3RegionRedirectorv2 object at 0x12f6cc190>>
botocore.hooks - DEBUG - Event before-parameter-build.s3.PutObject: calling handler <bound method ClientCreator._inject_s3_input_parameters of <botocore.client.ClientCreator object at 0x117f31710>>
botocore.hooks - DEBUG - Event before-parameter-build.s3.PutObject: calling handler <function generate_idempotent_uuid at 0x12ee5ab60>
botocore.hooks - DEBUG - Event before-endpoint-resolution.s3: calling handler <function customize_endpoint_resolver_builtins at 0x12ee7d120>
botocore.hooks - DEBUG - Event before-endpoint-resolution.s3: calling handler <bound method S3RegionRedirectorv2.redirect_from_cache of <botocore.utils.S3RegionRedirectorv2 object at 0x12f6cc190>>
botocore.regions - DEBUG - Calling endpoint provider with parameters: {'Bucket': 'smartbakery', 'Region': 'us-east-1', 'UseFIPS': False, 'UseDualStack': False, 'ForcePathStyle': False, 'Accelerate': False, 'UseGlobalEndpoint': True, 'Key': 'clean_data/test.csv', 'DisableMultiRegionAccessPoints': False, 'UseArnRegion': True}
botocore.regions - DEBUG - Endpoint provider result: https://smartbakery.s3.amazonaws.com
botocore.regions - DEBUG - Selecting from endpoint provider's list of auth schemes: "sigv4". User selected auth scheme is: "None"
botocore.regions - DEBUG - Selected auth type "v4" as "v4" with signing context params: {'region': 'us-east-1', 'signing_name': 's3', 'disableDoubleEncoding': True}
botocore.hooks - DEBUG - Event before-call.s3.PutObject: calling handler <function conditionally_calculate_checksum at 0x12ea98860>
botocore.hooks - DEBUG - Event before-call.s3.PutObject: calling handler <function add_expect_header at 0x12ee5b100>
botocore.handlers - DEBUG - Adding expect 100 continue header to request.
botocore.hooks - DEBUG - Event before-call.s3.PutObject: calling handler <bound method S3ExpressIdentityResolver.apply_signing_cache_key of <botocore.utils.S3ExpressIdentityResolver object at 0x117a7dc10>>
botocore.hooks - DEBUG - Event before-call.s3.PutObject: calling handler <function add_recursion_detection_header at 0x12ee59b20>
botocore.hooks - DEBUG - Event before-call.s3.PutObject: calling handler <function inject_api_version_header_if_needed at 0x12ee7c680>
botocore.endpoint - DEBUG - Making request for OperationModel(name=PutObject) with params: {'url_path': '/clean_data/test.csv', 'query_string': {}, 'method': 'PUT', 'headers': {'User-Agent': 'Boto3/1.34.106 md/Botocore#1.34.107 ua/2.0 os/macos#23.4.0 md/arch#arm64 lang/python#3.11.9 md/pyimpl#CPython cfg/retry-mode#legacy Botocore/1.34.107', 'Content-MD5': 'FAuNMHUQmg1759wAFcgF4Q==', 'Expect': '100-continue'}, 'body': <s3transfer.utils.ReadFileChunk object at 0x12f950b10>, 'auth_path': '/smartbakery/clean_data/test.csv', 'url': 'https://smartbakery.s3.amazonaws.com/clean_data/test.csv', 'context': {'client_region': 'us-east-1', 'client_config': <botocore.config.Config object at 0x12f91f390>, 'has_streaming_input': True, 'auth_type': 'v4', 's3_redirect': {'redirected': False, 'bucket': 'smartbakery', 'params': {'Bucket': 'smartbakery', 'Key': 'clean_data/test.csv', 'Body': <s3transfer.utils.ReadFileChunk object at 0x12f950b10>}}, 'input_params': {'Bucket': 'smartbakery', 'Key': 'clean_data/test.csv'}, 'signing': {'region': 'us-east-1', 'signing_name': 's3', 'disableDoubleEncoding': True}, 'endpoint_properties': {'authSchemes': [{'disableDoubleEncoding': True, 'name': 'sigv4', 'signingName': 's3', 'signingRegion': 'us-east-1'}]}}}
botocore.hooks - DEBUG - Event request-created.s3.PutObject: calling handler <function signal_not_transferring at 0x12f7a7e20>
botocore.hooks - DEBUG - Event request-created.s3.PutObject: calling handler <bound method RequestSigner.handler of <botocore.signers.RequestSigner object at 0x12f91f350>>
botocore.hooks - DEBUG - Event choose-signer.s3.PutObject: calling handler <bound method ClientCreator._default_s3_presign_to_sigv2 of <botocore.client.ClientCreator object at 0x117f31710>>
botocore.hooks - DEBUG - Event choose-signer.s3.PutObject: calling handler <function set_operation_specific_signer at 0x12ee5aa20>
botocore.hooks - DEBUG - Event before-sign.s3.PutObject: calling handler <function remove_arn_from_signing_path at 0x12ee7d080>
botocore.hooks - DEBUG - Event before-sign.s3.PutObject: calling handler <bound method S3ExpressIdentityResolver.resolve_s3express_identity of <botocore.utils.S3ExpressIdentityResolver object at 0x117a7dc10>>
botocore.auth - DEBUG - Calculating signature using v4 auth.
botocore.auth - DEBUG - CanonicalRequest:
PUT
/clean_data/test.csv

content-md5:FAuNMHUQmg1759wAFcgF4Q==
host:smartbakery.s3.amazonaws.com
x-amz-content-sha256:UNSIGNED-PAYLOAD
x-amz-date:20240522T231901Z

content-md5;host;x-amz-content-sha256;x-amz-date
UNSIGNED-PAYLOAD
botocore.auth - DEBUG - StringToSign:
AWS4-HMAC-SHA256
20240522T231901Z
20240522/us-east-1/s3/aws4_request
d7aa7f6dc4f55945d8bd09ec33a4cf72ec57bd5cd410cd0d2cf8e77118d0bfc8
botocore.auth - DEBUG - Signature:
c192d25a6eed45d8ab9164c36f3112b841ec476ac6e23a02bada17f12a96396f
botocore.hooks - DEBUG - Event request-created.s3.PutObject: calling handler <function signal_transferring at 0x12f7a7ec0>
botocore.hooks - DEBUG - Event request-created.s3.PutObject: calling handler <function add_retry_headers at 0x12ee7cea0>
botocore.endpoint - DEBUG - Sending http request: <AWSPreparedRequest stream_output=False, method=PUT, url=https://smartbakery.s3.amazonaws.com/clean_data/test.csv, headers={'User-Agent': b'Boto3/1.34.106 md/Botocore#1.34.107 ua/2.0 os/macos#23.4.0 md/arch#arm64 lang/python#3.11.9 md/pyimpl#CPython cfg/retry-mode#legacy Botocore/1.34.107', 'Content-MD5': b'FAuNMHUQmg1759wAFcgF4Q==', 'Expect': b'100-continue', 'X-Amz-Date': b'20240522T231901Z', 'X-Amz-Content-SHA256': b'UNSIGNED-PAYLOAD', 'Authorization': b'AWS4-HMAC-SHA256 Credential=AKIAQ3EGV3Y7DDFTHXM6/20240522/us-east-1/s3/aws4_request, SignedHeaders=content-md5;host;x-amz-content-sha256;x-amz-date, Signature=c192d25a6eed45d8ab9164c36f3112b841ec476ac6e23a02bada17f12a96396f', 'amz-sdk-invocation-id': b'77cd3870-2668-44d9-88b0-fa2b85975bdf', 'amz-sdk-request': b'attempt=1', 'Content-Length': '146592'}>
botocore.httpsession - DEBUG - Certificate path: /opt/homebrew/Caskroom/miniconda/base/envs/smartbakery/lib/python3.11/site-packages/certifi/cacert.pem
botocore.awsrequest - DEBUG - Waiting for 100 Continue response.
botocore.awsrequest - DEBUG - 100 Continue response seen, now sending request body.
urllib3.connectionpool - DEBUG - https://smartbakery.s3.amazonaws.com:443 "PUT /clean_data/test.csv HTTP/1.1" 200 0
botocore.parsers - DEBUG - Response headers: {'x-amz-id-2': 'imEg+cQ0U2nriV6y4wRthqYeJPsatl0gOvVybn5BxhNT0/X0i6LtEYQ1/sGUcn7NLlpswB021jI=', 'x-amz-request-id': 'FQZYNJGFANQF267Z', 'Date': 'Wed, 22 May 2024 23:19:02 GMT', 'x-amz-server-side-encryption': 'AES256', 'ETag': '"140b8d3075109a0d7be7dc0015c805e1"', 'Server': 'AmazonS3', 'Content-Length': '0'}
botocore.parsers - DEBUG - Response body:
b''
botocore.hooks - DEBUG - Event needs-retry.s3.PutObject: calling handler <botocore.retryhandler.RetryHandler object at 0x12ea583d0>
botocore.retryhandler - DEBUG - No retry needed.
botocore.hooks - DEBUG - Event needs-retry.s3.PutObject: calling handler <bound method S3RegionRedirectorv2.redirect_from_error of <botocore.utils.S3RegionRedirectorv2 object at 0x12f6cc190>>
s3transfer.utils - DEBUG - Releasing acquire 0/None
root - INFO - Archivo csv clean_data/test.csv subido correctamente a S3 en smartbakery
boto3.s3.transfer - DEBUG - Opting out of CRT Transfer Manager. Preferred client: auto, CRT available: False, Instance Optimized: False.
boto3.s3.transfer - DEBUG - Using default client. pid: 17817, thread: 8488352448
s3transfer.utils - DEBUG - Acquiring 0
s3transfer.tasks - DEBUG - UploadSubmissionTask(transfer_id=0, {'transfer_future': <s3transfer.futures.TransferFuture object at 0x12f95dbd0>}) about to wait for the following futures []
s3transfer.tasks - DEBUG - UploadSubmissionTask(transfer_id=0, {'transfer_future': <s3transfer.futures.TransferFuture object at 0x12f95dbd0>}) done waiting for dependent futures
s3transfer.tasks - DEBUG - Executing task UploadSubmissionTask(transfer_id=0, {'transfer_future': <s3transfer.futures.TransferFuture object at 0x12f95dbd0>}) with kwargs {'client': <botocore.client.S3 object at 0x12f6b3690>, 'config': <boto3.s3.transfer.TransferConfig object at 0x1006c8990>, 'osutil': <s3transfer.utils.OSUtils object at 0x12ef28d90>, 'request_executor': <s3transfer.futures.BoundedExecutor object at 0x101725c90>, 'transfer_future': <s3transfer.futures.TransferFuture object at 0x12f95dbd0>}
s3transfer.futures - DEBUG - Submitting task PutObjectTask(transfer_id=0, {'bucket': 'smartbakery', 'key': 'clean_data/val.csv', 'extra_args': {}}) to executor <s3transfer.futures.BoundedExecutor object at 0x101725c90> for transfer request: 0.
s3transfer.utils - DEBUG - Acquiring 0
s3transfer.tasks - DEBUG - PutObjectTask(transfer_id=0, {'bucket': 'smartbakery', 'key': 'clean_data/val.csv', 'extra_args': {}}) about to wait for the following futures []
s3transfer.tasks - DEBUG - PutObjectTask(transfer_id=0, {'bucket': 'smartbakery', 'key': 'clean_data/val.csv', 'extra_args': {}}) done waiting for dependent futures
s3transfer.tasks - DEBUG - Executing task PutObjectTask(transfer_id=0, {'bucket': 'smartbakery', 'key': 'clean_data/val.csv', 'extra_args': {}}) with kwargs {'client': <botocore.client.S3 object at 0x12f6b3690>, 'fileobj': <s3transfer.utils.ReadFileChunk object at 0x12f976dd0>, 'bucket': 'smartbakery', 'key': 'clean_data/val.csv', 'extra_args': {}}
botocore.hooks - DEBUG - Event before-parameter-build.s3.PutObject: calling handler <function validate_ascii_metadata at 0x12ee5bb00>
botocore.hooks - DEBUG - Event before-parameter-build.s3.PutObject: calling handler <function sse_md5 at 0x12ee5ade0>
botocore.hooks - DEBUG - Event before-parameter-build.s3.PutObject: calling handler <function convert_body_to_file_like_object at 0x12ee7c540>
botocore.hooks - DEBUG - Event before-parameter-build.s3.PutObject: calling handler <function validate_bucket_name at 0x12ee5ad40>
botocore.hooks - DEBUG - Event before-parameter-build.s3.PutObject: calling handler <function remove_bucket_from_url_paths_from_model at 0x12ee7cf40>
botocore.hooks - DEBUG - Event before-parameter-build.s3.PutObject: calling handler <bound method S3RegionRedirectorv2.annotate_request_context of <botocore.utils.S3RegionRedirectorv2 object at 0x12f6cc190>>
botocore.hooks - DEBUG - Event before-parameter-build.s3.PutObject: calling handler <bound method ClientCreator._inject_s3_input_parameters of <botocore.client.ClientCreator object at 0x117f31710>>
botocore.hooks - DEBUG - Event before-parameter-build.s3.PutObject: calling handler <function generate_idempotent_uuid at 0x12ee5ab60>
botocore.hooks - DEBUG - Event before-endpoint-resolution.s3: calling handler <function customize_endpoint_resolver_builtins at 0x12ee7d120>
botocore.hooks - DEBUG - Event before-endpoint-resolution.s3: calling handler <bound method S3RegionRedirectorv2.redirect_from_cache of <botocore.utils.S3RegionRedirectorv2 object at 0x12f6cc190>>
botocore.regions - DEBUG - Calling endpoint provider with parameters: {'Bucket': 'smartbakery', 'Region': 'us-east-1', 'UseFIPS': False, 'UseDualStack': False, 'ForcePathStyle': False, 'Accelerate': False, 'UseGlobalEndpoint': True, 'Key': 'clean_data/val.csv', 'DisableMultiRegionAccessPoints': False, 'UseArnRegion': True}
botocore.regions - DEBUG - Endpoint provider result: https://smartbakery.s3.amazonaws.com
botocore.regions - DEBUG - Selecting from endpoint provider's list of auth schemes: "sigv4". User selected auth scheme is: "None"
botocore.regions - DEBUG - Selected auth type "v4" as "v4" with signing context params: {'region': 'us-east-1', 'signing_name': 's3', 'disableDoubleEncoding': True}
botocore.hooks - DEBUG - Event before-call.s3.PutObject: calling handler <function conditionally_calculate_checksum at 0x12ea98860>
s3transfer.utils - DEBUG - Releasing acquire 0/None
botocore.hooks - DEBUG - Event before-call.s3.PutObject: calling handler <function add_expect_header at 0x12ee5b100>
botocore.handlers - DEBUG - Adding expect 100 continue header to request.
botocore.hooks - DEBUG - Event before-call.s3.PutObject: calling handler <bound method S3ExpressIdentityResolver.apply_signing_cache_key of <botocore.utils.S3ExpressIdentityResolver object at 0x117a7dc10>>
botocore.hooks - DEBUG - Event before-call.s3.PutObject: calling handler <function add_recursion_detection_header at 0x12ee59b20>
botocore.hooks - DEBUG - Event before-call.s3.PutObject: calling handler <function inject_api_version_header_if_needed at 0x12ee7c680>
botocore.endpoint - DEBUG - Making request for OperationModel(name=PutObject) with params: {'url_path': '/clean_data/val.csv', 'query_string': {}, 'method': 'PUT', 'headers': {'User-Agent': 'Boto3/1.34.106 md/Botocore#1.34.107 ua/2.0 os/macos#23.4.0 md/arch#arm64 lang/python#3.11.9 md/pyimpl#CPython cfg/retry-mode#legacy Botocore/1.34.107', 'Content-MD5': '+d4C4t2GI5OT1LJfVJvbEw==', 'Expect': '100-continue'}, 'body': <s3transfer.utils.ReadFileChunk object at 0x12f976dd0>, 'auth_path': '/smartbakery/clean_data/val.csv', 'url': 'https://smartbakery.s3.amazonaws.com/clean_data/val.csv', 'context': {'client_region': 'us-east-1', 'client_config': <botocore.config.Config object at 0x12f91f390>, 'has_streaming_input': True, 'auth_type': 'v4', 's3_redirect': {'redirected': False, 'bucket': 'smartbakery', 'params': {'Bucket': 'smartbakery', 'Key': 'clean_data/val.csv', 'Body': <s3transfer.utils.ReadFileChunk object at 0x12f976dd0>}}, 'input_params': {'Bucket': 'smartbakery', 'Key': 'clean_data/val.csv'}, 'signing': {'region': 'us-east-1', 'signing_name': 's3', 'disableDoubleEncoding': True}, 'endpoint_properties': {'authSchemes': [{'disableDoubleEncoding': True, 'name': 'sigv4', 'signingName': 's3', 'signingRegion': 'us-east-1'}]}}}
botocore.hooks - DEBUG - Event request-created.s3.PutObject: calling handler <function signal_not_transferring at 0x12f7a7e20>
botocore.hooks - DEBUG - Event request-created.s3.PutObject: calling handler <bound method RequestSigner.handler of <botocore.signers.RequestSigner object at 0x12f91f350>>
botocore.hooks - DEBUG - Event choose-signer.s3.PutObject: calling handler <bound method ClientCreator._default_s3_presign_to_sigv2 of <botocore.client.ClientCreator object at 0x117f31710>>
botocore.hooks - DEBUG - Event choose-signer.s3.PutObject: calling handler <function set_operation_specific_signer at 0x12ee5aa20>
botocore.hooks - DEBUG - Event before-sign.s3.PutObject: calling handler <function remove_arn_from_signing_path at 0x12ee7d080>
botocore.hooks - DEBUG - Event before-sign.s3.PutObject: calling handler <bound method S3ExpressIdentityResolver.resolve_s3express_identity of <botocore.utils.S3ExpressIdentityResolver object at 0x117a7dc10>>
botocore.auth - DEBUG - Calculating signature using v4 auth.
botocore.auth - DEBUG - CanonicalRequest:
PUT
/clean_data/val.csv

content-md5:+d4C4t2GI5OT1LJfVJvbEw==
host:smartbakery.s3.amazonaws.com
x-amz-content-sha256:UNSIGNED-PAYLOAD
x-amz-date:20240522T231902Z

content-md5;host;x-amz-content-sha256;x-amz-date
UNSIGNED-PAYLOAD
botocore.auth - DEBUG - StringToSign:
AWS4-HMAC-SHA256
20240522T231902Z
20240522/us-east-1/s3/aws4_request
fbbc49be9c48a4c979a9a696d55890369b3e0fea3d61d5eb0484aa49eae63382
botocore.auth - DEBUG - Signature:
7c9d7bb4678d69a7a456a0941fc2b4f8b10403ab6cec2a8add28573a4c4929ef
botocore.hooks - DEBUG - Event request-created.s3.PutObject: calling handler <function signal_transferring at 0x12f7a7ec0>
botocore.hooks - DEBUG - Event request-created.s3.PutObject: calling handler <function add_retry_headers at 0x12ee7cea0>
botocore.endpoint - DEBUG - Sending http request: <AWSPreparedRequest stream_output=False, method=PUT, url=https://smartbakery.s3.amazonaws.com/clean_data/val.csv, headers={'User-Agent': b'Boto3/1.34.106 md/Botocore#1.34.107 ua/2.0 os/macos#23.4.0 md/arch#arm64 lang/python#3.11.9 md/pyimpl#CPython cfg/retry-mode#legacy Botocore/1.34.107', 'Content-MD5': b'+d4C4t2GI5OT1LJfVJvbEw==', 'Expect': b'100-continue', 'X-Amz-Date': b'20240522T231902Z', 'X-Amz-Content-SHA256': b'UNSIGNED-PAYLOAD', 'Authorization': b'AWS4-HMAC-SHA256 Credential=AKIAQ3EGV3Y7DDFTHXM6/20240522/us-east-1/s3/aws4_request, SignedHeaders=content-md5;host;x-amz-content-sha256;x-amz-date, Signature=7c9d7bb4678d69a7a456a0941fc2b4f8b10403ab6cec2a8add28573a4c4929ef', 'amz-sdk-invocation-id': b'd3bf4a8d-18e8-4a36-b844-80f9b7029da5', 'amz-sdk-request': b'attempt=1', 'Content-Length': '175857'}>
botocore.httpsession - DEBUG - Certificate path: /opt/homebrew/Caskroom/miniconda/base/envs/smartbakery/lib/python3.11/site-packages/certifi/cacert.pem
botocore.awsrequest - DEBUG - Waiting for 100 Continue response.
botocore.awsrequest - DEBUG - 100 Continue response seen, now sending request body.
urllib3.connectionpool - DEBUG - https://smartbakery.s3.amazonaws.com:443 "PUT /clean_data/val.csv HTTP/1.1" 200 0
botocore.parsers - DEBUG - Response headers: {'x-amz-id-2': 'XpPl67g7W1q/qXIIK4DLu83ZU7o+NNP0lun3/OlvTVu3FIqwDRct6qkFv8eB2JinpigVy14yFqo=', 'x-amz-request-id': 'FWBPF4VGPGAWF653', 'Date': 'Wed, 22 May 2024 23:19:03 GMT', 'x-amz-server-side-encryption': 'AES256', 'ETag': '"f9de02e2dd86239393d4b25f549bdb13"', 'Server': 'AmazonS3', 'Content-Length': '0'}
botocore.parsers - DEBUG - Response body:
b''
botocore.hooks - DEBUG - Event needs-retry.s3.PutObject: calling handler <botocore.retryhandler.RetryHandler object at 0x12ea583d0>
botocore.retryhandler - DEBUG - No retry needed.
botocore.hooks - DEBUG - Event needs-retry.s3.PutObject: calling handler <bound method S3RegionRedirectorv2.redirect_from_error of <botocore.utils.S3RegionRedirectorv2 object at 0x12f6cc190>>
s3transfer.utils - DEBUG - Releasing acquire 0/None
root - INFO - Archivo csv clean_data/val.csv subido correctamente a S3 en smartbakery
boto3.s3.transfer - DEBUG - Opting out of CRT Transfer Manager. Preferred client: auto, CRT available: False, Instance Optimized: False.
boto3.s3.transfer - DEBUG - Using default client. pid: 17817, thread: 8488352448
s3transfer.utils - DEBUG - Acquiring 0
s3transfer.tasks - DEBUG - UploadSubmissionTask(transfer_id=0, {'transfer_future': <s3transfer.futures.TransferFuture object at 0x12f95db50>}) about to wait for the following futures []
s3transfer.tasks - DEBUG - UploadSubmissionTask(transfer_id=0, {'transfer_future': <s3transfer.futures.TransferFuture object at 0x12f95db50>}) done waiting for dependent futures
s3transfer.tasks - DEBUG - Executing task UploadSubmissionTask(transfer_id=0, {'transfer_future': <s3transfer.futures.TransferFuture object at 0x12f95db50>}) with kwargs {'client': <botocore.client.S3 object at 0x12f6b3690>, 'config': <boto3.s3.transfer.TransferConfig object at 0x12b9702d0>, 'osutil': <s3transfer.utils.OSUtils object at 0x12be97750>, 'request_executor': <s3transfer.futures.BoundedExecutor object at 0x12712cb50>, 'transfer_future': <s3transfer.futures.TransferFuture object at 0x12f95db50>}
s3transfer.futures - DEBUG - Submitting task PutObjectTask(transfer_id=0, {'bucket': 'smartbakery', 'key': 'clean_data/menu_codes.csv', 'extra_args': {}}) to executor <s3transfer.futures.BoundedExecutor object at 0x12712cb50> for transfer request: 0.
s3transfer.utils - DEBUG - Acquiring 0
s3transfer.tasks - DEBUG - PutObjectTask(transfer_id=0, {'bucket': 'smartbakery', 'key': 'clean_data/menu_codes.csv', 'extra_args': {}}) about to wait for the following futures []
s3transfer.tasks - DEBUG - PutObjectTask(transfer_id=0, {'bucket': 'smartbakery', 'key': 'clean_data/menu_codes.csv', 'extra_args': {}}) done waiting for dependent futures
s3transfer.tasks - DEBUG - Executing task PutObjectTask(transfer_id=0, {'bucket': 'smartbakery', 'key': 'clean_data/menu_codes.csv', 'extra_args': {}}) with kwargs {'client': <botocore.client.S3 object at 0x12f6b3690>, 'fileobj': <s3transfer.utils.ReadFileChunk object at 0x12f977b10>, 'bucket': 'smartbakery', 'key': 'clean_data/menu_codes.csv', 'extra_args': {}}
botocore.hooks - DEBUG - Event before-parameter-build.s3.PutObject: calling handler <function validate_ascii_metadata at 0x12ee5bb00>
botocore.hooks - DEBUG - Event before-parameter-build.s3.PutObject: calling handler <function sse_md5 at 0x12ee5ade0>
botocore.hooks - DEBUG - Event before-parameter-build.s3.PutObject: calling handler <function convert_body_to_file_like_object at 0x12ee7c540>
botocore.hooks - DEBUG - Event before-parameter-build.s3.PutObject: calling handler <function validate_bucket_name at 0x12ee5ad40>
botocore.hooks - DEBUG - Event before-parameter-build.s3.PutObject: calling handler <function remove_bucket_from_url_paths_from_model at 0x12ee7cf40>
botocore.hooks - DEBUG - Event before-parameter-build.s3.PutObject: calling handler <bound method S3RegionRedirectorv2.annotate_request_context of <botocore.utils.S3RegionRedirectorv2 object at 0x12f6cc190>>
botocore.hooks - DEBUG - Event before-parameter-build.s3.PutObject: calling handler <bound method ClientCreator._inject_s3_input_parameters of <botocore.client.ClientCreator object at 0x117f31710>>
botocore.hooks - DEBUG - Event before-parameter-build.s3.PutObject: calling handler <function generate_idempotent_uuid at 0x12ee5ab60>
botocore.hooks - DEBUG - Event before-endpoint-resolution.s3: calling handler <function customize_endpoint_resolver_builtins at 0x12ee7d120>
s3transfer.utils - DEBUG - Releasing acquire 0/None
botocore.hooks - DEBUG - Event before-endpoint-resolution.s3: calling handler <bound method S3RegionRedirectorv2.redirect_from_cache of <botocore.utils.S3RegionRedirectorv2 object at 0x12f6cc190>>
botocore.regions - DEBUG - Calling endpoint provider with parameters: {'Bucket': 'smartbakery', 'Region': 'us-east-1', 'UseFIPS': False, 'UseDualStack': False, 'ForcePathStyle': False, 'Accelerate': False, 'UseGlobalEndpoint': True, 'Key': 'clean_data/menu_codes.csv', 'DisableMultiRegionAccessPoints': False, 'UseArnRegion': True}
botocore.regions - DEBUG - Endpoint provider result: https://smartbakery.s3.amazonaws.com
botocore.regions - DEBUG - Selecting from endpoint provider's list of auth schemes: "sigv4". User selected auth scheme is: "None"
botocore.regions - DEBUG - Selected auth type "v4" as "v4" with signing context params: {'region': 'us-east-1', 'signing_name': 's3', 'disableDoubleEncoding': True}
botocore.hooks - DEBUG - Event before-call.s3.PutObject: calling handler <function conditionally_calculate_checksum at 0x12ea98860>
botocore.hooks - DEBUG - Event before-call.s3.PutObject: calling handler <function add_expect_header at 0x12ee5b100>
botocore.handlers - DEBUG - Adding expect 100 continue header to request.
botocore.hooks - DEBUG - Event before-call.s3.PutObject: calling handler <bound method S3ExpressIdentityResolver.apply_signing_cache_key of <botocore.utils.S3ExpressIdentityResolver object at 0x117a7dc10>>
botocore.hooks - DEBUG - Event before-call.s3.PutObject: calling handler <function add_recursion_detection_header at 0x12ee59b20>
botocore.hooks - DEBUG - Event before-call.s3.PutObject: calling handler <function inject_api_version_header_if_needed at 0x12ee7c680>
botocore.endpoint - DEBUG - Making request for OperationModel(name=PutObject) with params: {'url_path': '/clean_data/menu_codes.csv', 'query_string': {}, 'method': 'PUT', 'headers': {'User-Agent': 'Boto3/1.34.106 md/Botocore#1.34.107 ua/2.0 os/macos#23.4.0 md/arch#arm64 lang/python#3.11.9 md/pyimpl#CPython cfg/retry-mode#legacy Botocore/1.34.107', 'Content-MD5': 'NJEKWI+VVcenQiFqDm3HNg==', 'Expect': '100-continue'}, 'body': <s3transfer.utils.ReadFileChunk object at 0x12f977b10>, 'auth_path': '/smartbakery/clean_data/menu_codes.csv', 'url': 'https://smartbakery.s3.amazonaws.com/clean_data/menu_codes.csv', 'context': {'client_region': 'us-east-1', 'client_config': <botocore.config.Config object at 0x12f91f390>, 'has_streaming_input': True, 'auth_type': 'v4', 's3_redirect': {'redirected': False, 'bucket': 'smartbakery', 'params': {'Bucket': 'smartbakery', 'Key': 'clean_data/menu_codes.csv', 'Body': <s3transfer.utils.ReadFileChunk object at 0x12f977b10>}}, 'input_params': {'Bucket': 'smartbakery', 'Key': 'clean_data/menu_codes.csv'}, 'signing': {'region': 'us-east-1', 'signing_name': 's3', 'disableDoubleEncoding': True}, 'endpoint_properties': {'authSchemes': [{'disableDoubleEncoding': True, 'name': 'sigv4', 'signingName': 's3', 'signingRegion': 'us-east-1'}]}}}
botocore.hooks - DEBUG - Event request-created.s3.PutObject: calling handler <function signal_not_transferring at 0x12f7a7e20>
botocore.hooks - DEBUG - Event request-created.s3.PutObject: calling handler <bound method RequestSigner.handler of <botocore.signers.RequestSigner object at 0x12f91f350>>
botocore.hooks - DEBUG - Event choose-signer.s3.PutObject: calling handler <bound method ClientCreator._default_s3_presign_to_sigv2 of <botocore.client.ClientCreator object at 0x117f31710>>
botocore.hooks - DEBUG - Event choose-signer.s3.PutObject: calling handler <function set_operation_specific_signer at 0x12ee5aa20>
botocore.hooks - DEBUG - Event before-sign.s3.PutObject: calling handler <function remove_arn_from_signing_path at 0x12ee7d080>
botocore.hooks - DEBUG - Event before-sign.s3.PutObject: calling handler <bound method S3ExpressIdentityResolver.resolve_s3express_identity of <botocore.utils.S3ExpressIdentityResolver object at 0x117a7dc10>>
botocore.auth - DEBUG - Calculating signature using v4 auth.
botocore.auth - DEBUG - CanonicalRequest:
PUT
/clean_data/menu_codes.csv

content-md5:NJEKWI+VVcenQiFqDm3HNg==
host:smartbakery.s3.amazonaws.com
x-amz-content-sha256:UNSIGNED-PAYLOAD
x-amz-date:20240522T231903Z

content-md5;host;x-amz-content-sha256;x-amz-date
UNSIGNED-PAYLOAD
botocore.auth - DEBUG - StringToSign:
AWS4-HMAC-SHA256
20240522T231903Z
20240522/us-east-1/s3/aws4_request
cce5a08d55f747a707c3936b525b02bf75a9c5617088dfe628c57957959912a3
botocore.auth - DEBUG - Signature:
20feaea9b3ba723906b4e2a4e43c1ef800cface0fd78b61979eb99db7df7d179
botocore.hooks - DEBUG - Event request-created.s3.PutObject: calling handler <function signal_transferring at 0x12f7a7ec0>
botocore.hooks - DEBUG - Event request-created.s3.PutObject: calling handler <function add_retry_headers at 0x12ee7cea0>
botocore.endpoint - DEBUG - Sending http request: <AWSPreparedRequest stream_output=False, method=PUT, url=https://smartbakery.s3.amazonaws.com/clean_data/menu_codes.csv, headers={'User-Agent': b'Boto3/1.34.106 md/Botocore#1.34.107 ua/2.0 os/macos#23.4.0 md/arch#arm64 lang/python#3.11.9 md/pyimpl#CPython cfg/retry-mode#legacy Botocore/1.34.107', 'Content-MD5': b'NJEKWI+VVcenQiFqDm3HNg==', 'Expect': b'100-continue', 'X-Amz-Date': b'20240522T231903Z', 'X-Amz-Content-SHA256': b'UNSIGNED-PAYLOAD', 'Authorization': b'AWS4-HMAC-SHA256 Credential=AKIAQ3EGV3Y7DDFTHXM6/20240522/us-east-1/s3/aws4_request, SignedHeaders=content-md5;host;x-amz-content-sha256;x-amz-date, Signature=20feaea9b3ba723906b4e2a4e43c1ef800cface0fd78b61979eb99db7df7d179', 'amz-sdk-invocation-id': b'1c7c9ce7-0363-4c76-9030-b7da046d438c', 'amz-sdk-request': b'attempt=1', 'Content-Length': '3035'}>
botocore.httpsession - DEBUG - Certificate path: /opt/homebrew/Caskroom/miniconda/base/envs/smartbakery/lib/python3.11/site-packages/certifi/cacert.pem
botocore.awsrequest - DEBUG - Waiting for 100 Continue response.
botocore.awsrequest - DEBUG - 100 Continue response seen, now sending request body.
urllib3.connectionpool - DEBUG - https://smartbakery.s3.amazonaws.com:443 "PUT /clean_data/menu_codes.csv HTTP/1.1" 200 0
botocore.parsers - DEBUG - Response headers: {'x-amz-id-2': 'mushevn+uV9CLJI+Oa99axmBd7NiBOg+LxQA7FP1ICypC9ZnqbBtZTTv1hnaB/NAxp+VjOS2B+U=', 'x-amz-request-id': 'HQR6C8HXCAJ7BVXX', 'Date': 'Wed, 22 May 2024 23:19:04 GMT', 'x-amz-server-side-encryption': 'AES256', 'ETag': '"34910a588f9555c7a742216a0e6dc736"', 'Server': 'AmazonS3', 'Content-Length': '0'}
botocore.parsers - DEBUG - Response body:
b''
botocore.hooks - DEBUG - Event needs-retry.s3.PutObject: calling handler <botocore.retryhandler.RetryHandler object at 0x12ea583d0>
botocore.retryhandler - DEBUG - No retry needed.
botocore.hooks - DEBUG - Event needs-retry.s3.PutObject: calling handler <bound method S3RegionRedirectorv2.redirect_from_error of <botocore.utils.S3RegionRedirectorv2 object at 0x12f6cc190>>
s3transfer.utils - DEBUG - Releasing acquire 0/None
root - INFO - Archivo csv clean_data/menu_codes.csv subido correctamente a S3 en smartbakery
boto3.s3.transfer - DEBUG - Opting out of CRT Transfer Manager. Preferred client: auto, CRT available: False, Instance Optimized: False.
boto3.s3.transfer - DEBUG - Using default client. pid: 17817, thread: 8488352448
s3transfer.utils - DEBUG - Acquiring 0
s3transfer.tasks - DEBUG - UploadSubmissionTask(transfer_id=0, {'transfer_future': <s3transfer.futures.TransferFuture object at 0x12f977490>}) about to wait for the following futures []
s3transfer.tasks - DEBUG - UploadSubmissionTask(transfer_id=0, {'transfer_future': <s3transfer.futures.TransferFuture object at 0x12f977490>}) done waiting for dependent futures
s3transfer.tasks - DEBUG - Executing task UploadSubmissionTask(transfer_id=0, {'transfer_future': <s3transfer.futures.TransferFuture object at 0x12f977490>}) with kwargs {'client': <botocore.client.S3 object at 0x12f6b3690>, 'config': <boto3.s3.transfer.TransferConfig object at 0x12b84e250>, 'osutil': <s3transfer.utils.OSUtils object at 0x1006c8990>, 'request_executor': <s3transfer.futures.BoundedExecutor object at 0x1271615d0>, 'transfer_future': <s3transfer.futures.TransferFuture object at 0x12f977490>}
s3transfer.futures - DEBUG - Submitting task PutObjectTask(transfer_id=0, {'bucket': 'smartbakery', 'key': 'clean_data/TempTot.csv', 'extra_args': {}}) to executor <s3transfer.futures.BoundedExecutor object at 0x1271615d0> for transfer request: 0.
s3transfer.utils - DEBUG - Acquiring 0
s3transfer.tasks - DEBUG - PutObjectTask(transfer_id=0, {'bucket': 'smartbakery', 'key': 'clean_data/TempTot.csv', 'extra_args': {}}) about to wait for the following futures []
s3transfer.utils - DEBUG - Releasing acquire 0/None
s3transfer.tasks - DEBUG - PutObjectTask(transfer_id=0, {'bucket': 'smartbakery', 'key': 'clean_data/TempTot.csv', 'extra_args': {}}) done waiting for dependent futures
s3transfer.tasks - DEBUG - Executing task PutObjectTask(transfer_id=0, {'bucket': 'smartbakery', 'key': 'clean_data/TempTot.csv', 'extra_args': {}}) with kwargs {'client': <botocore.client.S3 object at 0x12f6b3690>, 'fileobj': <s3transfer.utils.ReadFileChunk object at 0x12f9958d0>, 'bucket': 'smartbakery', 'key': 'clean_data/TempTot.csv', 'extra_args': {}}
botocore.hooks - DEBUG - Event before-parameter-build.s3.PutObject: calling handler <function validate_ascii_metadata at 0x12ee5bb00>
botocore.hooks - DEBUG - Event before-parameter-build.s3.PutObject: calling handler <function sse_md5 at 0x12ee5ade0>
botocore.hooks - DEBUG - Event before-parameter-build.s3.PutObject: calling handler <function convert_body_to_file_like_object at 0x12ee7c540>
botocore.hooks - DEBUG - Event before-parameter-build.s3.PutObject: calling handler <function validate_bucket_name at 0x12ee5ad40>
botocore.hooks - DEBUG - Event before-parameter-build.s3.PutObject: calling handler <function remove_bucket_from_url_paths_from_model at 0x12ee7cf40>
botocore.hooks - DEBUG - Event before-parameter-build.s3.PutObject: calling handler <bound method S3RegionRedirectorv2.annotate_request_context of <botocore.utils.S3RegionRedirectorv2 object at 0x12f6cc190>>
botocore.hooks - DEBUG - Event before-parameter-build.s3.PutObject: calling handler <bound method ClientCreator._inject_s3_input_parameters of <botocore.client.ClientCreator object at 0x117f31710>>
botocore.hooks - DEBUG - Event before-parameter-build.s3.PutObject: calling handler <function generate_idempotent_uuid at 0x12ee5ab60>
botocore.hooks - DEBUG - Event before-endpoint-resolution.s3: calling handler <function customize_endpoint_resolver_builtins at 0x12ee7d120>
botocore.hooks - DEBUG - Event before-endpoint-resolution.s3: calling handler <bound method S3RegionRedirectorv2.redirect_from_cache of <botocore.utils.S3RegionRedirectorv2 object at 0x12f6cc190>>
botocore.regions - DEBUG - Calling endpoint provider with parameters: {'Bucket': 'smartbakery', 'Region': 'us-east-1', 'UseFIPS': False, 'UseDualStack': False, 'ForcePathStyle': False, 'Accelerate': False, 'UseGlobalEndpoint': True, 'Key': 'clean_data/TempTot.csv', 'DisableMultiRegionAccessPoints': False, 'UseArnRegion': True}
botocore.regions - DEBUG - Endpoint provider result: https://smartbakery.s3.amazonaws.com
botocore.regions - DEBUG - Selecting from endpoint provider's list of auth schemes: "sigv4". User selected auth scheme is: "None"
botocore.regions - DEBUG - Selected auth type "v4" as "v4" with signing context params: {'region': 'us-east-1', 'signing_name': 's3', 'disableDoubleEncoding': True}
botocore.hooks - DEBUG - Event before-call.s3.PutObject: calling handler <function conditionally_calculate_checksum at 0x12ea98860>
botocore.hooks - DEBUG - Event before-call.s3.PutObject: calling handler <function add_expect_header at 0x12ee5b100>
botocore.handlers - DEBUG - Adding expect 100 continue header to request.
botocore.hooks - DEBUG - Event before-call.s3.PutObject: calling handler <bound method S3ExpressIdentityResolver.apply_signing_cache_key of <botocore.utils.S3ExpressIdentityResolver object at 0x117a7dc10>>
botocore.hooks - DEBUG - Event before-call.s3.PutObject: calling handler <function add_recursion_detection_header at 0x12ee59b20>
botocore.hooks - DEBUG - Event before-call.s3.PutObject: calling handler <function inject_api_version_header_if_needed at 0x12ee7c680>
botocore.endpoint - DEBUG - Making request for OperationModel(name=PutObject) with params: {'url_path': '/clean_data/TempTot.csv', 'query_string': {}, 'method': 'PUT', 'headers': {'User-Agent': 'Boto3/1.34.106 md/Botocore#1.34.107 ua/2.0 os/macos#23.4.0 md/arch#arm64 lang/python#3.11.9 md/pyimpl#CPython cfg/retry-mode#legacy Botocore/1.34.107', 'Content-MD5': 'VUgA2rFJ/a8CxhwZI236Dw==', 'Expect': '100-continue'}, 'body': <s3transfer.utils.ReadFileChunk object at 0x12f9958d0>, 'auth_path': '/smartbakery/clean_data/TempTot.csv', 'url': 'https://smartbakery.s3.amazonaws.com/clean_data/TempTot.csv', 'context': {'client_region': 'us-east-1', 'client_config': <botocore.config.Config object at 0x12f91f390>, 'has_streaming_input': True, 'auth_type': 'v4', 's3_redirect': {'redirected': False, 'bucket': 'smartbakery', 'params': {'Bucket': 'smartbakery', 'Key': 'clean_data/TempTot.csv', 'Body': <s3transfer.utils.ReadFileChunk object at 0x12f9958d0>}}, 'input_params': {'Bucket': 'smartbakery', 'Key': 'clean_data/TempTot.csv'}, 'signing': {'region': 'us-east-1', 'signing_name': 's3', 'disableDoubleEncoding': True}, 'endpoint_properties': {'authSchemes': [{'disableDoubleEncoding': True, 'name': 'sigv4', 'signingName': 's3', 'signingRegion': 'us-east-1'}]}}}
botocore.hooks - DEBUG - Event request-created.s3.PutObject: calling handler <function signal_not_transferring at 0x12f7a7e20>
botocore.hooks - DEBUG - Event request-created.s3.PutObject: calling handler <bound method RequestSigner.handler of <botocore.signers.RequestSigner object at 0x12f91f350>>
botocore.hooks - DEBUG - Event choose-signer.s3.PutObject: calling handler <bound method ClientCreator._default_s3_presign_to_sigv2 of <botocore.client.ClientCreator object at 0x117f31710>>
botocore.hooks - DEBUG - Event choose-signer.s3.PutObject: calling handler <function set_operation_specific_signer at 0x12ee5aa20>
botocore.hooks - DEBUG - Event before-sign.s3.PutObject: calling handler <function remove_arn_from_signing_path at 0x12ee7d080>
botocore.hooks - DEBUG - Event before-sign.s3.PutObject: calling handler <bound method S3ExpressIdentityResolver.resolve_s3express_identity of <botocore.utils.S3ExpressIdentityResolver object at 0x117a7dc10>>
botocore.auth - DEBUG - Calculating signature using v4 auth.
botocore.auth - DEBUG - CanonicalRequest:
PUT
/clean_data/TempTot.csv

content-md5:VUgA2rFJ/a8CxhwZI236Dw==
host:smartbakery.s3.amazonaws.com
x-amz-content-sha256:UNSIGNED-PAYLOAD
x-amz-date:20240522T231903Z

content-md5;host;x-amz-content-sha256;x-amz-date
UNSIGNED-PAYLOAD
botocore.auth - DEBUG - StringToSign:
AWS4-HMAC-SHA256
20240522T231903Z
20240522/us-east-1/s3/aws4_request
d7613a81c6a1650af0457980b2abd56fddb9e05df0d9b6f5110dcf04317d0822
botocore.auth - DEBUG - Signature:
e77a5aad1c1e67e9c1fe93acd2541c96f64baa5c1227c61a38fcaf76ceaee7ca
botocore.hooks - DEBUG - Event request-created.s3.PutObject: calling handler <function signal_transferring at 0x12f7a7ec0>
botocore.hooks - DEBUG - Event request-created.s3.PutObject: calling handler <function add_retry_headers at 0x12ee7cea0>
botocore.endpoint - DEBUG - Sending http request: <AWSPreparedRequest stream_output=False, method=PUT, url=https://smartbakery.s3.amazonaws.com/clean_data/TempTot.csv, headers={'User-Agent': b'Boto3/1.34.106 md/Botocore#1.34.107 ua/2.0 os/macos#23.4.0 md/arch#arm64 lang/python#3.11.9 md/pyimpl#CPython cfg/retry-mode#legacy Botocore/1.34.107', 'Content-MD5': b'VUgA2rFJ/a8CxhwZI236Dw==', 'Expect': b'100-continue', 'X-Amz-Date': b'20240522T231903Z', 'X-Amz-Content-SHA256': b'UNSIGNED-PAYLOAD', 'Authorization': b'AWS4-HMAC-SHA256 Credential=AKIAQ3EGV3Y7DDFTHXM6/20240522/us-east-1/s3/aws4_request, SignedHeaders=content-md5;host;x-amz-content-sha256;x-amz-date, Signature=e77a5aad1c1e67e9c1fe93acd2541c96f64baa5c1227c61a38fcaf76ceaee7ca', 'amz-sdk-invocation-id': b'ef944051-ad27-4226-a760-10c4fb328d23', 'amz-sdk-request': b'attempt=1', 'Content-Length': '10831'}>
botocore.httpsession - DEBUG - Certificate path: /opt/homebrew/Caskroom/miniconda/base/envs/smartbakery/lib/python3.11/site-packages/certifi/cacert.pem
botocore.awsrequest - DEBUG - Waiting for 100 Continue response.
botocore.awsrequest - DEBUG - 100 Continue response seen, now sending request body.
urllib3.connectionpool - DEBUG - https://smartbakery.s3.amazonaws.com:443 "PUT /clean_data/TempTot.csv HTTP/1.1" 200 0
botocore.parsers - DEBUG - Response headers: {'x-amz-id-2': 'eki9kJKUo45KuHDSsuNL6/mH2psOlv2JBEjP93SiQbSRf9fIIW/RqcoY/BBlbbpjMIK8f7DcnYc=', 'x-amz-request-id': 'HQR8ER0SSCQESF55', 'Date': 'Wed, 22 May 2024 23:19:04 GMT', 'x-amz-server-side-encryption': 'AES256', 'ETag': '"554800dab149fdaf02c61c19236dfa0f"', 'Server': 'AmazonS3', 'Content-Length': '0'}
botocore.parsers - DEBUG - Response body:
b''
botocore.hooks - DEBUG - Event needs-retry.s3.PutObject: calling handler <botocore.retryhandler.RetryHandler object at 0x12ea583d0>
botocore.retryhandler - DEBUG - No retry needed.
botocore.hooks - DEBUG - Event needs-retry.s3.PutObject: calling handler <bound method S3RegionRedirectorv2.redirect_from_error of <botocore.utils.S3RegionRedirectorv2 object at 0x12f6cc190>>
s3transfer.utils - DEBUG - Releasing acquire 0/None
root - INFO - Archivo csv clean_data/TempTot.csv subido correctamente a S3 en smartbakery
